2023-03-16 17:31:10,141 WARNING Clipping input data to the valid range for imshow with RGB data ([0..1] for floats or [0..255] for integers).
2023-03-16 17:31:10,188 WARNING Clipping input data to the valid range for imshow with RGB data ([0..1] for floats or [0..255] for integers).
2023-03-16 17:31:10,455 WARNING Clipping input data to the valid range for imshow with RGB data ([0..1] for floats or [0..255] for integers).
2023-03-16 17:31:10,495 WARNING Clipping input data to the valid range for imshow with RGB data ([0..1] for floats or [0..255] for integers).
2023-03-16 17:31:10,539 WARNING Clipping input data to the valid range for imshow with RGB data ([0..1] for floats or [0..255] for integers).
2023-03-16 17:31:10,621 WARNING Clipping input data to the valid range for imshow with RGB data ([0..1] for floats or [0..255] for integers).
2023-03-16 17:35:02,368 INFO Starting Training
2023-03-16 17:35:57,680 INFO Starting Training
2023-03-16 17:40:39,516 WARNING Clipping input data to the valid range for imshow with RGB data ([0..1] for floats or [0..255] for integers).
2023-03-16 17:40:39,565 WARNING Clipping input data to the valid range for imshow with RGB data ([0..1] for floats or [0..255] for integers).
2023-03-16 17:40:39,586 WARNING Clipping input data to the valid range for imshow with RGB data ([0..1] for floats or [0..255] for integers).
2023-03-16 17:40:39,608 WARNING Clipping input data to the valid range for imshow with RGB data ([0..1] for floats or [0..255] for integers).
2023-03-16 17:40:39,630 WARNING Clipping input data to the valid range for imshow with RGB data ([0..1] for floats or [0..255] for integers).
2023-03-16 17:40:39,651 WARNING Clipping input data to the valid range for imshow with RGB data ([0..1] for floats or [0..255] for integers).
2023-03-16 17:40:39,673 WARNING Clipping input data to the valid range for imshow with RGB data ([0..1] for floats or [0..255] for integers).
2023-03-16 17:40:39,693 WARNING Clipping input data to the valid range for imshow with RGB data ([0..1] for floats or [0..255] for integers).
2023-03-16 17:40:39,715 WARNING Clipping input data to the valid range for imshow with RGB data ([0..1] for floats or [0..255] for integers).
2023-03-16 17:40:39,737 WARNING Clipping input data to the valid range for imshow with RGB data ([0..1] for floats or [0..255] for integers).
2023-03-16 17:40:39,803 WARNING Clipping input data to the valid range for imshow with RGB data ([0..1] for floats or [0..255] for integers).
2023-03-16 17:40:39,826 WARNING Clipping input data to the valid range for imshow with RGB data ([0..1] for floats or [0..255] for integers).
2023-03-16 17:41:32,533 WARNING Clipping input data to the valid range for imshow with RGB data ([0..1] for floats or [0..255] for integers).
2023-03-16 17:41:32,619 WARNING Clipping input data to the valid range for imshow with RGB data ([0..1] for floats or [0..255] for integers).
2023-03-16 17:41:32,640 WARNING Clipping input data to the valid range for imshow with RGB data ([0..1] for floats or [0..255] for integers).
2023-03-16 17:41:32,739 WARNING Clipping input data to the valid range for imshow with RGB data ([0..1] for floats or [0..255] for integers).
2023-03-16 17:41:32,820 WARNING Clipping input data to the valid range for imshow with RGB data ([0..1] for floats or [0..255] for integers).
2023-03-16 17:42:25,520 WARNING Clipping input data to the valid range for imshow with RGB data ([0..1] for floats or [0..255] for integers).
2023-03-16 17:42:25,553 WARNING Clipping input data to the valid range for imshow with RGB data ([0..1] for floats or [0..255] for integers).
2023-03-16 17:42:25,626 WARNING Clipping input data to the valid range for imshow with RGB data ([0..1] for floats or [0..255] for integers).
2023-03-16 17:42:25,698 WARNING Clipping input data to the valid range for imshow with RGB data ([0..1] for floats or [0..255] for integers).
2023-03-16 17:42:25,736 WARNING Clipping input data to the valid range for imshow with RGB data ([0..1] for floats or [0..255] for integers).
2023-03-16 17:42:26,213 WARNING Clipping input data to the valid range for imshow with RGB data ([0..1] for floats or [0..255] for integers).
2023-03-16 17:42:49,801 INFO Starting Training
2023-03-16 17:43:24,748 INFO Starting Training
2023-03-16 17:43:55,876 INFO Starting Training
2023-03-16 17:44:34,054 INFO Starting Training
2023-03-16 17:45:30,495 INFO Starting Training
2023-03-16 17:46:10,339 INFO Starting Training
2023-03-16 17:46:53,414 INFO Starting Training
2023-03-16 17:47:18,202 INFO Starting Training
2023-03-16 17:48:22,554 WARNING Clipping input data to the valid range for imshow with RGB data ([0..1] for floats or [0..255] for integers).
2023-03-16 17:48:22,602 WARNING Clipping input data to the valid range for imshow with RGB data ([0..1] for floats or [0..255] for integers).
2023-03-16 17:48:22,648 WARNING Clipping input data to the valid range for imshow with RGB data ([0..1] for floats or [0..255] for integers).
2023-03-16 17:48:22,670 WARNING Clipping input data to the valid range for imshow with RGB data ([0..1] for floats or [0..255] for integers).
2023-03-16 17:48:22,713 WARNING Clipping input data to the valid range for imshow with RGB data ([0..1] for floats or [0..255] for integers).
2023-03-16 17:48:22,737 WARNING Clipping input data to the valid range for imshow with RGB data ([0..1] for floats or [0..255] for integers).
2023-03-16 17:48:22,760 WARNING Clipping input data to the valid range for imshow with RGB data ([0..1] for floats or [0..255] for integers).
2023-03-16 17:48:22,783 WARNING Clipping input data to the valid range for imshow with RGB data ([0..1] for floats or [0..255] for integers).
2023-03-16 17:48:22,874 WARNING Clipping input data to the valid range for imshow with RGB data ([0..1] for floats or [0..255] for integers).
2023-03-16 17:48:51,458 INFO Starting Training
2023-03-16 17:51:57,711 INFO Starting Training
2023-03-16 17:54:34,026 WARNING Clipping input data to the valid range for imshow with RGB data ([0..1] for floats or [0..255] for integers).
2023-03-16 17:54:34,090 WARNING Clipping input data to the valid range for imshow with RGB data ([0..1] for floats or [0..255] for integers).
2023-03-16 17:54:34,196 WARNING Clipping input data to the valid range for imshow with RGB data ([0..1] for floats or [0..255] for integers).
2023-03-16 17:54:34,283 WARNING Clipping input data to the valid range for imshow with RGB data ([0..1] for floats or [0..255] for integers).
2023-03-16 18:33:49,948 INFO Starting Training
2023-03-16 18:37:31,677 INFO Starting Training
2023-03-16 18:38:51,336 INFO Starting Training
2023-03-16 18:43:59,294 INFO Starting Validation
2023-03-16 18:44:45,243 INFO Epoch: 1 | Training loss1.41 | Validation loss: 1.31 | learning rate:1e-05
2023-03-16 18:46:53,830 INFO Starting Validation
2023-03-16 18:47:01,213 INFO Epoch: 2 | Training loss1.22 | Validation loss: 1.23 | learning rate:1e-05
2023-03-16 18:47:44,514 INFO Starting Validation
2023-03-16 18:47:50,921 INFO Epoch: 3 | Training loss1.12 | Validation loss: 1.25 | learning rate:1e-05
2023-03-16 18:48:25,566 INFO Starting Validation
2023-03-16 18:48:31,006 INFO Epoch: 4 | Training loss1.06 | Validation loss: 1.26 | learning rate:1e-05
2023-03-16 18:49:06,115 INFO Starting Validation
2023-03-16 18:49:12,619 INFO Epoch: 5 | Training loss1.04 | Validation loss: 1.23 | learning rate:1e-05
2023-03-16 18:49:50,231 INFO Starting Validation
2023-03-16 18:49:57,203 INFO Epoch: 6 | Training loss1.02 | Validation loss: 1.29 | learning rate:1e-05
2023-03-16 18:50:31,308 INFO Starting Validation
2023-03-16 18:50:37,474 INFO Epoch: 7 | Training loss1.02 | Validation loss: 1.29 | learning rate:1e-05
2023-03-16 18:51:18,860 INFO Starting Validation
2023-03-16 18:51:23,359 INFO Epoch: 8 | Training loss1.01 | Validation loss: 1.30 | learning rate:1.0000000000000002e-06
2023-03-16 18:51:56,879 INFO Starting Validation
2023-03-16 18:52:05,548 INFO Epoch: 9 | Training loss1.01 | Validation loss: 1.28 | learning rate:1.0000000000000002e-06
2023-03-16 18:52:33,524 INFO Starting Validation
2023-03-16 18:52:37,537 INFO Epoch: 10 | Training loss1.01 | Validation loss: 1.27 | learning rate:1.0000000000000002e-06
2023-03-16 18:53:04,699 INFO Starting Validation
2023-03-16 18:53:09,188 INFO Epoch: 11 | Training loss1.01 | Validation loss: 1.36 | learning rate:1.0000000000000002e-06
2023-03-16 18:53:35,443 INFO Starting Validation
2023-03-16 18:53:40,783 INFO Epoch: 12 | Training loss1.01 | Validation loss: 1.35 | learning rate:1.0000000000000002e-06
2023-03-16 18:54:10,107 INFO Starting Validation
2023-03-16 18:54:17,582 INFO Epoch: 13 | Training loss1.01 | Validation loss: 1.30 | learning rate:1.0000000000000002e-06
2023-03-16 18:54:46,410 INFO Starting Validation
2023-03-16 18:54:51,227 INFO Epoch: 14 | Training loss1.01 | Validation loss: 1.23 | learning rate:1.0000000000000002e-07
2023-03-16 18:55:20,146 INFO Starting Validation
2023-03-16 18:55:24,878 INFO Epoch: 15 | Training loss1.01 | Validation loss: 1.31 | learning rate:1.0000000000000002e-07
2023-03-16 18:59:36,021 INFO Starting testing
2023-03-16 19:02:01,362 INFO Starting testing
2023-03-16 19:02:06,426 INFO Testing Accuracy: tensor([0.8760, 0.8760, 0.8760, 0.8760, 0.8760, 0.8760, 0.8760, 0.8760, 0.8760,
        0.8760, 0.8760, 0.8760, 0.8760, 0.8760, 0.8760], device='cuda:0')% | Testing Loss0.6234493978023529 | 
2023-03-16 19:02:06,443 INFO False Positive Rate[[1.60069302e-01]
 [9.99207199e-01]
 [2.58849934e-02]
 [7.65250027e-01]
 [9.98843193e-01]
 [1.11032110e-02]
 [1.40463552e-02]
 [5.61153376e-03]
 [9.99038458e-01]
 [9.99791920e-01]
 [4.85095233e-02]
 [1.35961147e-02]
 [8.73114109e-01]
 [7.73726821e-01]
 [9.85286713e-01]
 [9.98113275e-01]
 [9.96828258e-01]
 [9.82986689e-01]
 [9.60993767e-01]
 [9.89008605e-01]
 [5.03747106e-01]
 [6.98837172e-03]
 [9.97729599e-01]
 [1.10218767e-04]
 [6.20798720e-03]
 [9.99650836e-01]
 [9.98625517e-01]
 [3.82144600e-02]
 [7.72788405e-01]
 [9.99007404e-01]
 [7.48462856e-01]
 [6.20909443e-04]
 [9.56872925e-02]
 [9.96300280e-01]
 [5.42956358e-03]
 [2.53401659e-02]
 [5.52258074e-01]
 [4.94298292e-04]
 [4.30248119e-02]
 [4.76277695e-04]
 [9.50061083e-01]
 [1.69363040e-02]
 [9.99465048e-01]
 [2.67707855e-02]
 [9.87003624e-01]
 [4.02692594e-02]
 [9.98860359e-01]
 [9.99856114e-01]
 [3.33324641e-01]
 [9.99740303e-01]
 [9.95709896e-01]
 [9.99783695e-01]
 [9.98614669e-01]
 [1.69394276e-04]
 [9.99965191e-01]
 [9.99523759e-01]
 [9.79222119e-01]
 [9.99955416e-01]
 [2.02986915e-02]
 [9.99483585e-01]
 [9.70879756e-03]
 [9.99313712e-01]
 [2.06271447e-02]
 [9.64506805e-01]
 [2.50142395e-01]
 [9.97680128e-01]
 [9.99971628e-01]
 [9.97588992e-01]
 [9.97421622e-01]
 [9.79439676e-01]
 [6.69866428e-03]
 [9.72927392e-01]
 [1.31930029e-02]
 [9.98683631e-01]
 [9.68925714e-01]
 [9.98033226e-01]
 [1.43318542e-03]
 [1.81669816e-01]
 [6.88163890e-03]
 [9.99791920e-01]
 [9.77972746e-01]
 [6.05845265e-02]
 [1.45410329e-01]
 [9.98482883e-01]
 [9.98729408e-01]
 [9.98774707e-01]
 [9.99973774e-01]
 [2.20890809e-02]
 [9.99810040e-01]
 [9.96668518e-01]
 [6.84136376e-02]
 [9.99921679e-01]
 [9.99900818e-01]
 [8.57200765e-04]
 [2.21102417e-01]
 [6.58482139e-04]
 [9.99066174e-01]
 [9.95384250e-03]
 [9.85428631e-01]
 [9.97686625e-01]
 [8.59670248e-03]
 [9.98815298e-01]
 [1.73499152e-01]
 [9.99461591e-01]
 [3.41521896e-04]
 [1.06434384e-02]
 [9.99161601e-01]
 [9.98659372e-01]
 [9.94820714e-01]
 [1.11208027e-02]
 [9.93602931e-01]
 [1.08272035e-03]
 [9.78294671e-01]
 [9.98929083e-01]
 [3.38852614e-01]
 [9.95215654e-01]
 [7.83114135e-02]
 [9.98500228e-01]
 [9.99849081e-01]
 [9.97212350e-01]
 [9.99754369e-01]
 [9.99936938e-01]
 [9.98547137e-01]
 [9.99527812e-01]
 [9.99135196e-01]
 [5.63515365e-01]
 [9.96287823e-01]
 [9.85101342e-01]
 [9.95237827e-01]
 [9.96305346e-01]
 [9.97803986e-01]
 [1.26023460e-02]
 [9.98199821e-01]
 [9.99962211e-01]
 [4.29841936e-01]
 [9.86621618e-01]
 [3.81770747e-04]
 [9.97374058e-01]
 [6.06597438e-02]
 [3.11951339e-02]
 [9.99850392e-01]
 [9.99480784e-01]
 [9.99852300e-01]
 [9.99888778e-01]
 [9.99573052e-01]
 [9.92339492e-01]
 [6.17899597e-02]
 [6.25937944e-04]
 [2.44047970e-01]
 [9.74763155e-01]
 [4.60502282e-02]
 [9.91785377e-02]
 [2.35048286e-03]
 [9.99268472e-01]
 [6.63221776e-02]
 [9.98082519e-01]
 [1.71029265e-03]
 [9.99432385e-01]
 [9.99683499e-01]
 [9.98108149e-01]
 [9.99351323e-01]
 [9.95015919e-01]
 [5.60602471e-02]
 [9.98236060e-01]
 [9.97722447e-01]
 [6.71229601e-01]
 [2.58519351e-02]
 [9.98910189e-01]
 [1.00551434e-01]
 [1.79956809e-01]
 [4.83877845e-02]
 [3.95961758e-03]
 [2.77771689e-02]
 [1.26812914e-02]
 [9.98207211e-01]
 [2.96169132e-01]
 [1.27559695e-02]
 [4.13928181e-03]
 [3.52771938e-01]
 [2.00313088e-02]
 [9.71158266e-01]
 [9.99541402e-01]
 [9.97258306e-01]
 [5.50253317e-04]
 [2.88930357e-01]
 [8.31511104e-04]
 [1.12058036e-02]
 [6.27262471e-03]
 [3.97522963e-04]
 [1.18162604e-02]
 [9.94323492e-01]
 [9.23983932e-01]
 [1.23285152e-01]
 [9.99942780e-01]
 [1.13287941e-02]
 [9.94457006e-01]
 [9.97286439e-01]
 [4.71617281e-03]
 [9.95328903e-01]
 [9.96218026e-01]
 [9.98664737e-01]
 [2.72031818e-02]
 [8.44379794e-03]
 [2.66464893e-02]
 [9.99060452e-01]
 [9.99606907e-01]
 [9.94056344e-01]
 [4.51173261e-02]
 [9.97232497e-01]
 [3.23629938e-02]
 [9.99894500e-01]
 [1.08560491e-02]
 [1.40104583e-03]
 [9.97637987e-01]
 [1.42122895e-01]
 [9.89156842e-01]
 [9.98362720e-01]
 [1.61671028e-01]
 [9.98352647e-01]
 [4.53523099e-01]
 [9.97268319e-01]
 [2.32814103e-02]
 [5.64228685e-04]
 [6.21814907e-01]
 [9.98280883e-01]
 [9.55694437e-01]
 [9.96005476e-01]
 [9.92358506e-01]
 [2.41313111e-02]
 [1.68917954e-01]
 [7.18704145e-03]
 [9.54391539e-01]
 [9.91669297e-01]
 [7.89335836e-03]
 [9.98493314e-01]
 [5.13846055e-03]
 [3.79222147e-02]
 [6.12705350e-01]
 [9.99950290e-01]
 [4.42163000e-04]
 [3.70686591e-01]
 [9.99307990e-01]
 [9.95479703e-01]
 [7.89965689e-03]
 [9.79323626e-01]
 [3.15504102e-03]
 [1.71606243e-02]
 [9.91470873e-01]
 [9.30953189e-04]
 [9.98001277e-01]
 [3.01604271e-01]
 [9.98125017e-01]
 [9.91739392e-01]
 [1.29795773e-02]
 [9.95118618e-01]
 [9.99002039e-01]
 [9.95986283e-01]
 [1.07671125e-02]
 [9.92656291e-01]
 [9.99325514e-01]
 [9.95665133e-01]
 [9.74370837e-01]
 [9.99902844e-01]
 [3.75414238e-04]
 [9.96912479e-01]
 [8.62645567e-04]
 [1.29088849e-01]
 [9.22138840e-02]
 [9.93083477e-01]
 [9.97953057e-01]
 [9.99934673e-01]
 [9.99977350e-01]
 [7.12184992e-04]
 [8.29642522e-04]
 [9.78311002e-01]
 [3.92045709e-04]
 [9.96721208e-01]
 [9.98914957e-01]
 [9.97550905e-01]
 [9.94151890e-01]
 [9.91296053e-01]
 [9.98617411e-01]
 [3.37623388e-01]
 [4.09689583e-02]
 [1.22123607e-03]
 [8.89161751e-02]
 [5.97023172e-04]
 [9.99968648e-01]
 [9.98733342e-01]
 [1.72664430e-02]
 [9.99937534e-01]
 [8.16420019e-01]
 [3.21242183e-01]
 [3.68398577e-01]
 [9.95652914e-01]
 [9.99781907e-01]
 [6.73541054e-02]
 [9.99253571e-01]
 [9.99437273e-01]
 [2.45012954e-04]
 [9.99911427e-01]
 [9.89554405e-01]
 [9.99528527e-01]
 [2.71054829e-04]
 [9.98403847e-01]
 [4.35954392e-01]
 [9.99157906e-01]
 [9.99491215e-01]
 [9.97528136e-01]
 [9.98699188e-01]
 [9.99981403e-01]
 [4.82243206e-03]
 [8.38617906e-02]
 [9.93413746e-01]
 [9.96269107e-01]
 [9.99266803e-01]
 [9.99133885e-01]
 [9.92735982e-01]
 [3.36189598e-01]
 [9.99840260e-01]
 [9.97712374e-01]
 [7.30053103e-03]
 [9.91436303e-01]
 [9.99007046e-01]
 [9.91771638e-01]
 [9.99269664e-01]
 [9.95419383e-01]
 [1.12619356e-03]
 [9.99688268e-01]
 [9.87544775e-01]
 [9.99523282e-01]
 [5.56680411e-02]
 [9.84192789e-01]
 [9.99905109e-01]
 [9.99726117e-01]
 [9.96818900e-01]
 [4.93697310e-03]
 [9.01723430e-02]
 [9.99963403e-01]
 [9.83561277e-01]
 [9.99812424e-01]
 [9.93252218e-01]
 [9.96142328e-01]
 [9.99891043e-01]
 [9.99967337e-01]
 [1.43811628e-01]
 [9.97244954e-01]
 [9.95187163e-01]
 [9.93202567e-01]
 [4.63654608e-01]
 [7.29152421e-03]
 [1.45883888e-01]
 [6.69903122e-04]
 [9.99768198e-01]
 [9.55326557e-01]
 [9.99812663e-01]
 [3.58357042e-01]
 [5.53138135e-03]
 [5.78911230e-03]
 [9.98568654e-01]
 [8.03648680e-03]
 [9.89893258e-01]
 [9.53113675e-01]
 [9.96829093e-01]
 [9.98976350e-01]
 [9.67765629e-01]
 [9.99356687e-01]
 [9.61598940e-03]
 [9.99930143e-01]
 [9.98051763e-01]
 [5.01616657e-01]
 [9.99654055e-01]
 [9.93975103e-01]
 [2.20547751e-01]
 [9.96655941e-01]
 [1.36558786e-01]
 [9.98710036e-01]
 [9.99847054e-01]
 [9.84192789e-01]
 [1.21682952e-03]
 [2.88356960e-01]
 [9.91491735e-01]
 [9.95461881e-01]
 [9.99784410e-01]
 [9.99726474e-01]
 [3.96432355e-03]
 [9.98004973e-01]
 [4.40501988e-01]
 [7.26034760e-01]
 [6.04047477e-01]
 [2.81890767e-04]
 [9.99482274e-01]
 [3.97962257e-02]
 [9.98471916e-01]
 [9.99912620e-01]
 [1.09915342e-02]
 [9.99679208e-01]
 [9.85642731e-01]
 [9.19924583e-03]
 [9.99926209e-01]
 [9.93517876e-01]
 [9.99432504e-01]
 [9.99928236e-01]
 [1.50717124e-01]
 [9.95977104e-01]
 [9.97886360e-01]
 [9.82147038e-01]
 [9.99752223e-01]
 [9.56056919e-03]
 [9.97998059e-01]
 [9.99387026e-01]
 [5.98139828e-04]
 [1.25504555e-02]
 [9.98951435e-01]
 [9.99940395e-01]
 [9.40948129e-01]
 [9.99311686e-01]
 [9.98946488e-01]
 [9.98357475e-01]
 [9.91792858e-01]
 [8.27264339e-02]
 [3.23997065e-03]
 [9.99810278e-01]
 [3.83229693e-04]
 [1.41917188e-02]
 [9.98569489e-01]
 [2.84920096e-01]
 [9.38416459e-03]
 [1.92574039e-02]
 [8.01934977e-04]
 [9.99317169e-01]
 [4.53770131e-01]
 [2.15622736e-03]
 [9.63178754e-01]
 [9.98800278e-01]
 [9.98840511e-01]
 [2.02515218e-02]
 [1.80895557e-04]
 [1.22931972e-03]
 [9.96376574e-01]
 [9.90816951e-01]
 [4.41844203e-02]
 [1.15593278e-03]
 [9.98333752e-01]
 [2.47723772e-03]
 [9.99122560e-01]
 [9.99716461e-01]
 [9.95701969e-01]
 [9.97226179e-01]
 [1.90150065e-04]
 [8.74290824e-01]
 [9.99749482e-01]
 [9.99863863e-01]
 [7.58199487e-04]
 [9.99444664e-01]
 [3.98980075e-04]
 [9.98206496e-01]
 [1.44714803e-01]
 [9.92792368e-01]
 [9.93458211e-01]
 [1.29024358e-02]
 [1.12416018e-02]
 [9.98693407e-01]
 [9.95365024e-01]
 [9.99957681e-01]
 [9.83291030e-01]
 [3.37672303e-03]
 [9.97876644e-01]
 [1.15780108e-01]
 [1.23552732e-01]
 [5.64828422e-03]
 [1.24443576e-01]
 [9.99266803e-01]
 [9.98456955e-01]
 [1.84982680e-02]
 [9.99265134e-01]
 [9.96338606e-01]
 [9.99139071e-01]
 [5.38145797e-03]
 [9.99658108e-01]
 [9.90997791e-01]
 [9.99948144e-01]
 [9.95811343e-01]
 [2.69807439e-04]
 [9.99225497e-01]
 [9.95687306e-01]
 [1.15983374e-01]
 [1.32960005e-04]
 [9.98331845e-01]
 [9.99427557e-01]
 [6.38478041e-01]
 [9.99949336e-01]
 [9.99643207e-01]
 [1.54479016e-02]
 [9.88876522e-01]
 [9.99950409e-01]
 [9.98887599e-01]
 [9.98442948e-01]
 [9.62197900e-01]
 [9.98910666e-01]
 [9.99714077e-01]
 [9.99058902e-01]
 [8.94342184e-01]
 [9.96640205e-01]
 [9.99875307e-01]
 [9.97616649e-01]
 [5.27681932e-02]
 [6.45798957e-03]
 [9.98390436e-01]
 [9.87001181e-01]
 [9.99685526e-01]
 [9.05111313e-01]
 [5.13719686e-04]
 [1.23443706e-02]
 [9.96554852e-01]
 [9.95922685e-01]
 [1.37557298e-01]
 [7.59885088e-03]
 [9.98722374e-01]
 [9.99001920e-01]
 [9.99704063e-01]
 [1.67916846e-02]
 [2.91014798e-02]
 [9.99927759e-01]
 [9.99975920e-01]
 [9.98210669e-01]
 [9.96138632e-01]
 [9.82990623e-01]
 [9.87198174e-01]
 [9.50557442e-05]
 [9.20188054e-03]
 [4.29988764e-02]
 [9.92337883e-01]
 [2.07243875e-01]
 [9.97556090e-01]
 [9.98023748e-01]
 [9.98405755e-01]
 [9.95325446e-01]
 [9.95603323e-01]
 [8.50859344e-01]
 [3.39511372e-02]
 [9.99806106e-01]
 [9.80064452e-01]
 [9.99360740e-01]
 [9.98182297e-01]
 [9.97757733e-01]
 [2.12691654e-03]
 [9.96475279e-01]
 [9.99095440e-01]
 [3.89530733e-02]
 [1.22757601e-02]
 [7.60509213e-03]
 [9.99645233e-01]
 [1.71823010e-01]
 [9.97472346e-01]
 [9.95943725e-01]
 [9.85181510e-01]
 [9.99951243e-01]
 [9.99272287e-01]
 [4.46689967e-03]
 [1.34159054e-03]
 [9.99364674e-01]
 [9.98070300e-01]
 [1.01010278e-02]
 [9.88025367e-01]
 [9.99442041e-01]
 [9.99606073e-01]
 [3.98508360e-04]
 [1.19623192e-01]
 [1.60290729e-02]
 [9.99110043e-01]
 [9.99466836e-01]
 [9.99897599e-01]
 [9.99750078e-01]
 [8.29043158e-04]
 [3.14549617e-02]
 [5.69369295e-04]
 [9.96958137e-01]
 [1.46433245e-03]
 [9.99888539e-01]
 [9.99792397e-01]
 [1.64985713e-02]
 [9.95391130e-01]
 [2.99674604e-04]
 [1.64145771e-02]
 [9.96267617e-01]
 [9.99065936e-01]
 [9.99153137e-01]
 [1.23763345e-02]
 [5.53314900e-03]
 [1.66637018e-01]
 [1.30804227e-04]
 [1.01597458e-02]
 [8.73985589e-01]
 [9.98357117e-01]
 [9.98139024e-01]
 [9.98220265e-01]
 [1.12630418e-02]
 [2.72548702e-02]
 [9.98309374e-01]
 [9.97417688e-01]
 [1.59083474e-02]
 [9.95655537e-01]
 [9.93121684e-01]
 [1.98331550e-01]
 [8.52904916e-01]
 [2.81184010e-04]
 [8.56977981e-03]
 [7.33110541e-03]
 [9.99181807e-01]
 [8.59485881e-04]
 [9.99955535e-01]
 [2.52906932e-03]
 [9.99005377e-01]
 [1.82486046e-02]
 [2.06505973e-02]
 [9.66560900e-01]
 [9.99167919e-01]
 [9.97787595e-01]
 [9.99964356e-01]
 [7.28725076e-01]
 [1.32068053e-01]
 [9.99781787e-01]
 [9.98720169e-01]
 [5.29517594e-04]
 [5.06436467e-01]
 [9.98348594e-01]
 [9.99601781e-01]
 [9.99759257e-01]
 [9.99117434e-01]
 [9.98997867e-01]
 [9.99106228e-01]
 [9.93876517e-01]
 [9.99777496e-01]
 [9.82805789e-01]
 [9.96737659e-01]
 [9.99154091e-01]
 [9.96354699e-01]
 [9.99576986e-01]
 [4.41831201e-01]
 [9.96590614e-01]
 [9.99911308e-01]
 [9.83707130e-01]
 [1.27571251e-03]
 [2.60357484e-02]
 [9.39058542e-01]
 [9.99756515e-01]
 [9.94150043e-01]
 [1.97580427e-01]
 [9.98632729e-01]
 [1.33853825e-03]
 [9.99432981e-01]
 [2.16274280e-02]
 [9.98872936e-01]
 [7.06708908e-01]
 [9.98759508e-01]
 [9.99001443e-01]
 [1.09195278e-03]
 [1.33249864e-01]
 [3.19568872e-01]
 [9.99430120e-01]
 [9.97538686e-01]
 [9.99773920e-01]
 [9.84868884e-01]
 [2.09604576e-01]
 [9.98413205e-01]
 [9.98392165e-01]
 [9.93445158e-01]
 [1.30186774e-04]
 [4.52055642e-03]
 [6.05227612e-03]
 [2.27963194e-01]
 [9.90977168e-01]
 [9.99962687e-01]
 [9.98211145e-01]
 [1.24163716e-03]
 [9.98754382e-01]
 [9.71321225e-01]
 [9.75588918e-01]
 [1.64512228e-02]
 [2.08508402e-01]
 [3.21792722e-01]
 [9.43733335e-01]
 [9.99235988e-01]
 [3.34088862e-01]
 [1.85912307e-02]
 [9.98184979e-01]
 [9.96130347e-01]
 [9.98677313e-01]
 [8.83203447e-01]
 [1.90127328e-01]
 [9.98550355e-01]
 [9.97242093e-01]
 [9.98867273e-01]
 [1.62875431e-03]
 [9.91044044e-01]
 [9.90909159e-01]
 [9.99594152e-01]
 [9.98931706e-01]
 [2.23918149e-04]
 [9.98440206e-01]
 [9.97118831e-01]
 [9.98050451e-01]
 [9.96185005e-01]
 [9.99907017e-01]
 [9.98414397e-01]
 [1.81719586e-02]
 [9.95719135e-01]
 [9.95916307e-01]
 [9.99451458e-01]
 [9.67047513e-01]
 [9.98646915e-01]
 [9.51883849e-03]
 [9.83921170e-01]
 [9.99626756e-01]
 [9.99973893e-01]
 [3.86546948e-04]
 [9.90705788e-01]
 [9.73844528e-01]
 [1.12184236e-04]
 [9.97591972e-01]
 [3.20299238e-01]
 [9.98958349e-01]
 [9.14036334e-01]
 [9.99009252e-01]
 [9.76223648e-01]
 [9.99862909e-01]
 [2.71437556e-01]
 [5.19360881e-03]
 [9.99752343e-01]
 [1.90844238e-01]
 [9.91230488e-01]
 [9.98352051e-01]
 [2.60428756e-01]
 [9.96496975e-01]
 [9.99961138e-01]
 [8.02348088e-03]
 [5.73575089e-04]
 [9.36551154e-01]
 [2.57619798e-01]
 [2.19479054e-01]
 [9.99875069e-01]
 [9.99304056e-01]
 [9.99834776e-01]
 [9.99832153e-01]
 [8.39289976e-04]
 [8.18817527e-04]
 [5.19126141e-03]
 [3.84727726e-04]
 [4.04046429e-03]
 [9.99194443e-01]
 [3.38379771e-01]
 [6.00979256e-04]
 [9.99841690e-01]
 [2.72817779e-02]
 [9.97022808e-01]
 [9.83547390e-01]
 [3.74470621e-01]
 [8.81556347e-02]
 [9.99486804e-01]
 [9.99750793e-01]
 [9.99976039e-01]
 [9.53492939e-01]
 [9.98255908e-01]
 [9.97475445e-01]
 [9.99038577e-01]
 [4.07419086e-01]
 [1.58940144e-02]
 [9.99758303e-01]
 [1.79482531e-03]
 [9.98850346e-01]
 [9.95982528e-01]
 [9.01068095e-03]
 [9.99900103e-01]
 [9.99507904e-01]
 [3.52032250e-03]
 [9.99212742e-01]
 [9.97118115e-01]
 [9.99951601e-01]
 [9.99548495e-01]
 [9.98826325e-01]
 [1.46933449e-02]
 [2.24521793e-02]
 [1.45412788e-01]
 [9.99473989e-01]
 [9.98192251e-01]
 [9.22167361e-01]
 [1.16707515e-02]
 [3.15704048e-01]
 [1.78802293e-02]
 [9.99066532e-01]
 [4.47426253e-04]
 [7.98408408e-04]
 [1.55338151e-02]
 [3.18191767e-01]
 [9.95378137e-01]
 [9.99918580e-01]
 [9.99576867e-01]
 [2.56909081e-03]
 [9.99884009e-01]
 [9.96234000e-01]
 [5.05872862e-03]
 [9.98956323e-01]
 [9.96777713e-01]
 [3.16781923e-02]
 [7.03424737e-02]
 [5.91172022e-04]
 [9.98113036e-01]
 [9.99995232e-01]
 [9.99208272e-01]
 [5.46424240e-02]
 [9.80061352e-01]
 [9.97517109e-01]
 [9.93965209e-01]
 [9.98926938e-01]
 [9.99813378e-01]
 [9.98070180e-01]
 [9.99858499e-01]
 [9.99913931e-01]
 [9.99933481e-01]
 [9.97817636e-01]
 [4.21883829e-04]
 [9.92643058e-01]
 [8.50568875e-04]
 [1.29117383e-04]
 [1.19840493e-02]
 [9.99934077e-01]
 [9.96568918e-01]
 [9.78595316e-01]
 [2.55599707e-01]
 [9.99325752e-01]
 [9.90126014e-01]
 [9.98743951e-01]
 [9.95913684e-01]
 [9.99655604e-01]
 [9.93004262e-01]
 [9.94082272e-01]
 [6.70925379e-02]
 [2.50330657e-01]
 [7.30658835e-03]
 [5.85436309e-03]
 [1.99420843e-04]
 [9.55993116e-01]
 [7.48173892e-03]
 [2.84595508e-02]
 [6.47424487e-04]
 [9.97451961e-01]
 [5.35694510e-03]
 [1.16791036e-02]
 [9.98847842e-01]
 [9.90537226e-01]
 [1.76420249e-02]
 [9.96962607e-01]
 [9.99654889e-01]
 [9.98737037e-01]
 [8.37004185e-03]
 [9.80040193e-01]
 [9.99864340e-01]
 [9.98991907e-01]
 [3.60687941e-01]
 [1.05882339e-01]
 [9.99543726e-01]
 [9.97289658e-01]
 [9.81321871e-01]
 [9.98183310e-01]
 [1.12445019e-02]
 [7.68390298e-02]
 [9.98254597e-01]
 [9.99501824e-01]
 [9.94721889e-01]
 [5.77782154e-01]
 [9.98202801e-01]
 [9.99550283e-01]
 [5.08693397e-01]
 [8.00866425e-01]
 [9.99310493e-01]
 [9.65036631e-01]
 [9.99164343e-01]
 [1.12202102e-02]
 [9.99787271e-01]
 [9.96072769e-01]
 [9.99610603e-01]
 [9.97506559e-01]
 [9.98234868e-01]
 [9.96243119e-01]
 [9.98717785e-01]
 [9.99356687e-01]
 [9.97430146e-01]
 [9.86656845e-01]
 [1.09123424e-01]
 [4.94881272e-02]
 [9.99900341e-01]
 [9.99834776e-01]
 [1.24158055e-01]
 [5.61289117e-03]
 [8.76610540e-03]
 [9.93168354e-01]
 [9.99603093e-01]
 [9.98534679e-01]
 [1.28990421e-02]
 [7.38182850e-03]
 [9.97682095e-01]
 [1.69911068e-02]
 [3.87598872e-02]
 [2.37319246e-01]
 [9.99661088e-01]
 [7.10767567e-01]
 [2.02933684e-01]
 [9.97126043e-01]
 [5.50260723e-01]
 [9.99214292e-01]
 [6.89934790e-01]
 [1.38042241e-01]
 [6.44033251e-04]
 [9.93108392e-01]
 [9.97454822e-01]
 [9.98463750e-01]
 [2.18365770e-02]
 [9.99843597e-01]
 [9.98876870e-01]
 [1.64169781e-02]
 [9.99862552e-01]
 [9.99741852e-01]
 [9.84379888e-01]
 [9.98783410e-01]
 [9.96017635e-01]
 [9.98575687e-01]
 [7.51676738e-01]
 [8.00175010e-04]
 [3.33264028e-03]
 [9.95735288e-01]
 [9.96952176e-01]
 [9.98593628e-01]
 [9.99211669e-01]
 [1.69627853e-02]
 [9.95208442e-01]
 [1.87739611e-01]
 [9.99962568e-01]
 [1.70459729e-02]
 [8.86079252e-01]
 [2.17995606e-02]
 [9.99327302e-01]
 [9.92961347e-01]
 [2.12273709e-02]
 [9.99810398e-01]
 [9.99319553e-01]
 [9.99703109e-01]
 [9.99876499e-01]
 [9.99059737e-01]
 [9.92603958e-01]
 [8.27750266e-01]
 [9.05313551e-01]
 [9.99851704e-01]
 [9.98927653e-01]
 [9.98819530e-01]
 [1.18877301e-02]
 [8.04920375e-01]
 [3.84466373e-03]
 [9.83497620e-01]
 [1.13399252e-01]
 [9.86883044e-03]
 [2.20639519e-02]
 [4.21701334e-02]
 [2.79849451e-02]
 [9.99051154e-01]
 [9.81710911e-01]
 [9.96942580e-01]
 [2.77297135e-04]
 [9.14523959e-01]
 [9.98462081e-01]
 [9.99857306e-01]
 [1.04011364e-01]
 [9.99568760e-01]
 [9.35741048e-03]
 [9.99934673e-01]
 [2.54497111e-01]
 [9.99677777e-01]
 [2.39425614e-01]
 [9.83395576e-01]
 [4.66371002e-03]
 [9.94429469e-01]
 [4.06025082e-01]
 [9.98907208e-01]
 [1.71510074e-02]
 [3.85572225e-01]
 [9.88835871e-01]
 [9.85071659e-01]
 [9.99175489e-01]
 [9.94578838e-01]
 [1.98466852e-02]
 [9.99762356e-01]
 [9.99720871e-01]
 [1.17892236e-03]
 [9.99208272e-01]
 [4.60370351e-03]
 [9.97533917e-01]
 [1.23056769e-02]
 [9.99916911e-01]
 [9.94270563e-01]
 [3.36978963e-04]] | True Positive Rate[[0.]
 [1.]
 [0.]
 [0.]
 [1.]
 [0.]
 [0.]
 [0.]
 [0.]
 [1.]
 [0.]
 [0.]
 [0.]
 [0.]
 [0.]
 [1.]
 [1.]
 [0.]
 [0.]
 [1.]
 [0.]
 [0.]
 [1.]
 [0.]
 [0.]
 [1.]
 [1.]
 [0.]
 [0.]
 [1.]
 [0.]
 [0.]
 [0.]
 [0.]
 [0.]
 [0.]
 [0.]
 [0.]
 [0.]
 [0.]
 [1.]
 [0.]
 [1.]
 [0.]
 [1.]
 [0.]
 [0.]
 [1.]
 [0.]
 [0.]
 [1.]
 [1.]
 [1.]
 [0.]
 [1.]
 [1.]
 [0.]
 [1.]
 [0.]
 [1.]
 [0.]
 [0.]
 [0.]
 [1.]
 [0.]
 [1.]
 [1.]
 [1.]
 [1.]
 [1.]
 [0.]
 [1.]
 [0.]
 [1.]
 [1.]
 [0.]
 [0.]
 [0.]
 [0.]
 [1.]
 [0.]
 [0.]
 [0.]
 [0.]
 [1.]
 [1.]
 [0.]
 [0.]
 [1.]
 [1.]
 [0.]
 [1.]
 [1.]
 [0.]
 [0.]
 [0.]
 [1.]
 [0.]
 [1.]
 [1.]
 [0.]
 [1.]
 [0.]
 [0.]
 [0.]
 [0.]
 [1.]
 [1.]
 [1.]
 [0.]
 [1.]
 [0.]
 [1.]
 [1.]
 [0.]
 [1.]
 [0.]
 [1.]
 [1.]
 [1.]
 [1.]
 [1.]
 [1.]
 [1.]
 [1.]
 [0.]
 [1.]
 [1.]
 [1.]
 [0.]
 [1.]
 [0.]
 [1.]
 [1.]
 [0.]
 [0.]
 [0.]
 [1.]
 [0.]
 [0.]
 [1.]
 [1.]
 [1.]
 [1.]
 [1.]
 [1.]
 [0.]
 [0.]
 [0.]
 [0.]
 [0.]
 [0.]
 [0.]
 [0.]
 [0.]
 [1.]
 [0.]
 [0.]
 [1.]
 [1.]
 [1.]
 [1.]
 [0.]
 [1.]
 [1.]
 [0.]
 [0.]
 [1.]
 [0.]
 [0.]
 [0.]
 [0.]
 [0.]
 [0.]
 [1.]
 [0.]
 [0.]
 [0.]
 [0.]
 [0.]
 [0.]
 [1.]
 [0.]
 [0.]
 [0.]
 [0.]
 [0.]
 [0.]
 [0.]
 [0.]
 [1.]
 [0.]
 [0.]
 [1.]
 [0.]
 [0.]
 [1.]
 [0.]
 [1.]
 [1.]
 [1.]
 [0.]
 [0.]
 [0.]
 [1.]
 [0.]
 [1.]
 [0.]
 [1.]
 [0.]
 [1.]
 [0.]
 [0.]
 [1.]
 [0.]
 [1.]
 [1.]
 [0.]
 [1.]
 [0.]
 [1.]
 [0.]
 [0.]
 [0.]
 [1.]
 [0.]
 [1.]
 [0.]
 [0.]
 [0.]
 [0.]
 [1.]
 [1.]
 [0.]
 [1.]
 [0.]
 [0.]
 [0.]
 [1.]
 [0.]
 [0.]
 [1.]
 [0.]
 [0.]
 [1.]
 [0.]
 [0.]
 [1.]
 [0.]
 [1.]
 [0.]
 [1.]
 [1.]
 [0.]
 [1.]
 [1.]
 [0.]
 [0.]
 [1.]
 [1.]
 [1.]
 [1.]
 [1.]
 [0.]
 [1.]
 [0.]
 [0.]
 [0.]
 [1.]
 [1.]
 [1.]
 [0.]
 [0.]
 [0.]
 [0.]
 [0.]
 [1.]
 [1.]
 [1.]
 [1.]
 [1.]
 [1.]
 [0.]
 [0.]
 [0.]
 [0.]
 [0.]
 [1.]
 [1.]
 [0.]
 [1.]
 [0.]
 [0.]
 [0.]
 [1.]
 [1.]
 [0.]
 [1.]
 [0.]
 [0.]
 [1.]
 [1.]
 [1.]
 [0.]
 [1.]
 [0.]
 [1.]
 [1.]
 [0.]
 [0.]
 [0.]
 [0.]
 [0.]
 [1.]
 [1.]
 [0.]
 [1.]
 [1.]
 [0.]
 [1.]
 [1.]
 [0.]
 [1.]
 [1.]
 [1.]
 [1.]
 [1.]
 [0.]
 [1.]
 [1.]
 [1.]
 [0.]
 [1.]
 [1.]
 [1.]
 [1.]
 [0.]
 [0.]
 [1.]
 [1.]
 [1.]
 [1.]
 [0.]
 [1.]
 [1.]
 [0.]
 [1.]
 [0.]
 [1.]
 [0.]
 [0.]
 [0.]
 [0.]
 [1.]
 [1.]
 [1.]
 [0.]
 [0.]
 [0.]
 [0.]
 [0.]
 [1.]
 [1.]
 [1.]
 [1.]
 [0.]
 [1.]
 [0.]
 [1.]
 [1.]
 [0.]
 [1.]
 [1.]
 [0.]
 [1.]
 [0.]
 [0.]
 [1.]
 [1.]
 [0.]
 [0.]
 [1.]
 [1.]
 [1.]
 [1.]
 [0.]
 [0.]
 [0.]
 [1.]
 [0.]
 [0.]
 [1.]
 [0.]
 [1.]
 [1.]
 [0.]
 [0.]
 [1.]
 [0.]
 [1.]
 [1.]
 [1.]
 [1.]
 [0.]
 [0.]
 [1.]
 [0.]
 [1.]
 [0.]
 [1.]
 [0.]
 [0.]
 [0.]
 [1.]
 [1.]
 [0.]
 [1.]
 [1.]
 [1.]
 [1.]
 [0.]
 [0.]
 [1.]
 [0.]
 [0.]
 [0.]
 [0.]
 [0.]
 [0.]
 [0.]
 [1.]
 [0.]
 [0.]
 [1.]
 [0.]
 [1.]
 [0.]
 [0.]
 [0.]
 [1.]
 [1.]
 [0.]
 [0.]
 [1.]
 [0.]
 [1.]
 [1.]
 [1.]
 [1.]
 [0.]
 [0.]
 [1.]
 [1.]
 [0.]
 [1.]
 [0.]
 [1.]
 [0.]
 [1.]
 [1.]
 [0.]
 [0.]
 [1.]
 [1.]
 [1.]
 [1.]
 [0.]
 [1.]
 [0.]
 [0.]
 [0.]
 [0.]
 [1.]
 [1.]
 [0.]
 [1.]
 [1.]
 [1.]
 [0.]
 [1.]
 [1.]
 [1.]
 [0.]
 [0.]
 [1.]
 [1.]
 [0.]
 [0.]
 [1.]
 [1.]
 [0.]
 [1.]
 [1.]
 [0.]
 [1.]
 [1.]
 [0.]
 [1.]
 [0.]
 [1.]
 [1.]
 [1.]
 [1.]
 [1.]
 [1.]
 [0.]
 [0.]
 [0.]
 [0.]
 [1.]
 [1.]
 [0.]
 [0.]
 [0.]
 [1.]
 [1.]
 [0.]
 [0.]
 [0.]
 [1.]
 [1.]
 [0.]
 [0.]
 [1.]
 [1.]
 [1.]
 [1.]
 [1.]
 [0.]
 [0.]
 [0.]
 [0.]
 [1.]
 [0.]
 [1.]
 [1.]
 [1.]
 [1.]
 [1.]
 [0.]
 [0.]
 [1.]
 [0.]
 [1.]
 [0.]
 [1.]
 [0.]
 [1.]
 [1.]
 [0.]
 [0.]
 [0.]
 [1.]
 [0.]
 [1.]
 [1.]
 [0.]
 [1.]
 [1.]
 [0.]
 [0.]
 [1.]
 [1.]
 [0.]
 [1.]
 [0.]
 [1.]
 [0.]
 [0.]
 [0.]
 [1.]
 [1.]
 [1.]
 [1.]
 [0.]
 [0.]
 [0.]
 [1.]
 [0.]
 [1.]
 [1.]
 [0.]
 [1.]
 [0.]
 [0.]
 [1.]
 [1.]
 [1.]
 [0.]
 [0.]
 [0.]
 [0.]
 [0.]
 [0.]
 [1.]
 [1.]
 [1.]
 [0.]
 [0.]
 [1.]
 [1.]
 [0.]
 [1.]
 [1.]
 [0.]
 [0.]
 [0.]
 [0.]
 [0.]
 [1.]
 [0.]
 [1.]
 [0.]
 [1.]
 [0.]
 [0.]
 [1.]
 [1.]
 [1.]
 [1.]
 [0.]
 [0.]
 [1.]
 [1.]
 [0.]
 [0.]
 [1.]
 [1.]
 [0.]
 [0.]
 [0.]
 [1.]
 [1.]
 [1.]
 [1.]
 [1.]
 [1.]
 [1.]
 [1.]
 [0.]
 [1.]
 [1.]
 [0.]
 [0.]
 [0.]
 [0.]
 [1.]
 [1.]
 [0.]
 [1.]
 [0.]
 [1.]
 [0.]
 [1.]
 [0.]
 [0.]
 [1.]
 [0.]
 [0.]
 [0.]
 [1.]
 [1.]
 [1.]
 [0.]
 [0.]
 [1.]
 [1.]
 [1.]
 [0.]
 [0.]
 [0.]
 [0.]
 [0.]
 [1.]
 [1.]
 [0.]
 [1.]
 [0.]
 [1.]
 [0.]
 [0.]
 [0.]
 [0.]
 [1.]
 [0.]
 [0.]
 [1.]
 [0.]
 [1.]
 [0.]
 [0.]
 [1.]
 [1.]
 [0.]
 [0.]
 [1.]
 [1.]
 [1.]
 [0.]
 [0.]
 [1.]
 [1.]
 [1.]
 [1.]
 [0.]
 [1.]
 [0.]
 [1.]
 [1.]
 [1.]
 [1.]
 [1.]
 [0.]
 [1.]
 [1.]
 [1.]
 [0.]
 [1.]
 [1.]
 [0.]
 [1.]
 [0.]
 [1.]
 [1.]
 [1.]
 [1.]
 [1.]
 [0.]
 [0.]
 [1.]
 [0.]
 [1.]
 [1.]
 [0.]
 [1.]
 [1.]
 [0.]
 [0.]
 [0.]
 [0.]
 [0.]
 [1.]
 [1.]
 [1.]
 [1.]
 [0.]
 [0.]
 [0.]
 [0.]
 [0.]
 [1.]
 [0.]
 [0.]
 [1.]
 [0.]
 [1.]
 [1.]
 [0.]
 [0.]
 [1.]
 [1.]
 [1.]
 [0.]
 [1.]
 [1.]
 [1.]
 [0.]
 [0.]
 [0.]
 [0.]
 [1.]
 [1.]
 [0.]
 [1.]
 [1.]
 [0.]
 [1.]
 [0.]
 [1.]
 [1.]
 [1.]
 [0.]
 [0.]
 [0.]
 [1.]
 [1.]
 [0.]
 [0.]
 [0.]
 [0.]
 [1.]
 [0.]
 [0.]
 [0.]
 [0.]
 [1.]
 [0.]
 [1.]
 [0.]
 [1.]
 [1.]
 [0.]
 [1.]
 [1.]
 [0.]
 [0.]
 [0.]
 [1.]
 [0.]
 [1.]
 [0.]
 [1.]
 [1.]
 [1.]
 [1.]
 [1.]
 [1.]
 [1.]
 [1.]
 [1.]
 [0.]
 [0.]
 [1.]
 [0.]
 [0.]
 [0.]
 [1.]
 [1.]
 [1.]
 [0.]
 [1.]
 [1.]
 [1.]
 [0.]
 [1.]
 [1.]
 [1.]
 [0.]
 [0.]
 [0.]
 [0.]
 [0.]
 [0.]
 [0.]
 [0.]
 [0.]
 [1.]
 [0.]
 [0.]
 [1.]
 [1.]
 [0.]
 [1.]
 [1.]
 [1.]
 [0.]
 [1.]
 [1.]
 [1.]
 [0.]
 [0.]
 [1.]
 [1.]
 [1.]
 [1.]
 [0.]
 [0.]
 [1.]
 [1.]
 [1.]
 [0.]
 [1.]
 [0.]
 [0.]
 [1.]
 [1.]
 [0.]
 [1.]
 [0.]
 [1.]
 [1.]
 [1.]
 [0.]
 [1.]
 [1.]
 [1.]
 [1.]
 [1.]
 [1.]
 [0.]
 [0.]
 [1.]
 [1.]
 [0.]
 [0.]
 [0.]
 [1.]
 [1.]
 [1.]
 [0.]
 [0.]
 [1.]
 [0.]
 [0.]
 [0.]
 [1.]
 [0.]
 [0.]
 [1.]
 [0.]
 [1.]
 [1.]
 [0.]
 [0.]
 [1.]
 [1.]
 [1.]
 [0.]
 [1.]
 [1.]
 [0.]
 [0.]
 [1.]
 [0.]
 [1.]
 [1.]
 [0.]
 [1.]
 [0.]
 [0.]
 [1.]
 [1.]
 [1.]
 [1.]
 [0.]
 [1.]
 [0.]
 [1.]
 [0.]
 [0.]
 [0.]
 [1.]
 [1.]
 [0.]
 [1.]
 [1.]
 [1.]
 [0.]
 [1.]
 [1.]
 [0.]
 [0.]
 [1.]
 [0.]
 [1.]
 [0.]
 [1.]
 [0.]
 [1.]
 [0.]
 [0.]
 [0.]
 [0.]
 [0.]
 [1.]
 [1.]
 [1.]
 [0.]
 [0.]
 [1.]
 [1.]
 [0.]
 [1.]
 [0.]
 [1.]
 [0.]
 [1.]
 [0.]
 [1.]
 [0.]
 [1.]
 [0.]
 [1.]
 [0.]
 [0.]
 [1.]
 [1.]
 [1.]
 [1.]
 [0.]
 [1.]
 [1.]
 [0.]
 [0.]
 [0.]
 [1.]
 [0.]
 [1.]
 [1.]
 [0.]] | AUC Score0.927672 | 
2023-03-16 19:07:10,200 INFO Starting testing
2023-03-16 19:07:59,992 INFO Starting testing
2023-03-16 19:08:29,955 INFO Starting testing
2023-03-16 19:08:35,924 INFO Testing Accuracy: tensor([0.8760, 0.8760, 0.8760, 0.8760, 0.8760, 0.8760, 0.8760, 0.8760, 0.8760,
        0.8760, 0.8760, 0.8760, 0.8760, 0.8760, 0.8760], device='cuda:0')% | Testing Loss0.6234493870735168 | 
2023-03-16 19:08:35,927 INFO False Positive Rate[0.    0.002 0.006 0.006 0.008 0.008 0.008 0.008 0.01  0.01  0.012 0.012
 0.014 0.014 0.016 0.016 0.016 0.016 0.016 0.016 0.02  0.02  0.022 0.022
 0.024 0.024 0.026 0.026 0.028 0.028 0.03  0.03  0.034 0.034 0.036 0.036
 0.038 0.038 0.038 0.038 0.04  0.04  0.042 0.044 0.044 0.046 0.046 0.048
 0.048 0.05  0.05  0.052 0.052 0.054 0.054 0.056 0.056 0.058 0.058 0.062
 0.062 0.064 0.064 0.066 0.066 0.068 0.068 0.072 0.072 0.078 0.078 0.08
 0.08  0.082 0.082 0.084 0.084 0.086 0.086 0.088 0.088 0.09  0.09  0.092
 0.092 0.094 0.094 0.096 0.096 0.098 0.098 0.1   0.1   0.104 0.104 0.106
 0.106 0.108 0.108 0.11  0.11  0.112 0.112 0.116 0.116 0.118 0.118 0.12
 0.12  0.122 0.122 0.124 0.124 0.126 0.126 0.128 0.128 0.13  0.13  0.134
 0.134 0.138 0.138 0.138 0.14  0.14  0.142 0.142 0.144 0.144 0.146 0.146
 0.148 0.148 0.15  0.15  0.152 0.152 0.154 0.154 0.158 0.158 0.16  0.16
 0.162 0.162 0.17  0.17  0.172 0.172 0.186 0.186 0.19  0.19  0.208 0.208
 0.214 0.214 0.218 0.218 0.222 0.222 1.   ] | True Positive Rate[0.    0.    0.    0.006 0.006 0.052 0.056 0.07  0.07  0.08  0.08  0.102
 0.102 0.112 0.112 0.134 0.138 0.156 0.16  0.178 0.178 0.194 0.194 0.214
 0.214 0.236 0.236 0.252 0.252 0.286 0.286 0.29  0.29  0.294 0.294 0.298
 0.298 0.302 0.306 0.318 0.318 0.33  0.33  0.332 0.346 0.348 0.376 0.376
 0.398 0.398 0.412 0.412 0.424 0.424 0.426 0.426 0.436 0.436 0.44  0.44
 0.454 0.454 0.458 0.458 0.468 0.468 0.472 0.472 0.494 0.494 0.504 0.504
 0.526 0.526 0.574 0.574 0.594 0.594 0.596 0.596 0.606 0.606 0.626 0.626
 0.638 0.638 0.64  0.64  0.662 0.662 0.676 0.676 0.722 0.722 0.736 0.736
 0.738 0.738 0.744 0.744 0.746 0.746 0.752 0.752 0.77  0.77  0.79  0.79
 0.8   0.8   0.856 0.856 0.882 0.882 0.908 0.908 0.914 0.914 0.918 0.918
 0.922 0.922 0.926 0.928 0.928 0.94  0.94  0.942 0.942 0.946 0.946 0.954
 0.954 0.956 0.956 0.958 0.958 0.962 0.962 0.968 0.968 0.97  0.97  0.974
 0.974 0.978 0.978 0.982 0.982 0.986 0.986 0.988 0.988 0.99  0.99  0.994
 0.994 0.996 0.996 0.998 0.998 1.    1.   ] | AUC Score0.927672 | 
2023-03-16 19:10:20,484 INFO Starting testing
2023-03-16 19:10:26,044 INFO Testing Accuracy: tensor([0.8760, 0.8760, 0.8760, 0.8760, 0.8760, 0.8760, 0.8760, 0.8760, 0.8760,
        0.8760, 0.8760, 0.8760, 0.8760, 0.8760, 0.8760], device='cuda:0')% | Testing Loss0.6234493818879128 | 
2023-03-16 19:10:26,048 INFO False Positive Rate[0.    0.002 0.006 0.006 0.008 0.008 0.008 0.008 0.01  0.01  0.012 0.012
 0.014 0.014 0.016 0.016 0.016 0.016 0.016 0.016 0.02  0.02  0.022 0.022
 0.024 0.024 0.026 0.026 0.028 0.028 0.03  0.03  0.034 0.034 0.036 0.036
 0.038 0.038 0.038 0.038 0.04  0.04  0.042 0.044 0.044 0.046 0.046 0.048
 0.048 0.05  0.05  0.052 0.052 0.054 0.054 0.056 0.056 0.058 0.058 0.062
 0.062 0.064 0.064 0.066 0.066 0.068 0.068 0.072 0.072 0.078 0.078 0.08
 0.08  0.082 0.082 0.084 0.084 0.086 0.086 0.088 0.088 0.09  0.09  0.092
 0.092 0.094 0.094 0.096 0.096 0.098 0.098 0.1   0.1   0.104 0.104 0.106
 0.106 0.108 0.108 0.11  0.11  0.112 0.112 0.116 0.116 0.118 0.118 0.12
 0.12  0.122 0.122 0.124 0.124 0.126 0.126 0.128 0.128 0.13  0.13  0.134
 0.134 0.138 0.138 0.138 0.14  0.14  0.142 0.142 0.144 0.144 0.146 0.146
 0.148 0.148 0.15  0.15  0.152 0.152 0.154 0.154 0.158 0.158 0.16  0.16
 0.162 0.162 0.17  0.17  0.172 0.172 0.186 0.186 0.19  0.19  0.208 0.208
 0.214 0.214 0.218 0.218 0.222 0.222 1.   ] | True Positive Rate[0.    0.    0.    0.006 0.006 0.052 0.056 0.07  0.07  0.08  0.08  0.102
 0.102 0.112 0.112 0.134 0.138 0.156 0.16  0.178 0.178 0.194 0.194 0.214
 0.214 0.236 0.236 0.252 0.252 0.286 0.286 0.29  0.29  0.294 0.294 0.298
 0.298 0.302 0.306 0.318 0.318 0.33  0.33  0.332 0.346 0.348 0.376 0.376
 0.398 0.398 0.412 0.412 0.424 0.424 0.426 0.426 0.436 0.436 0.44  0.44
 0.454 0.454 0.458 0.458 0.468 0.468 0.472 0.472 0.494 0.494 0.504 0.504
 0.526 0.526 0.574 0.574 0.594 0.594 0.596 0.596 0.606 0.606 0.626 0.626
 0.638 0.638 0.64  0.64  0.662 0.662 0.676 0.676 0.722 0.722 0.736 0.736
 0.738 0.738 0.744 0.744 0.746 0.746 0.752 0.752 0.77  0.77  0.79  0.79
 0.8   0.8   0.856 0.856 0.882 0.882 0.908 0.908 0.914 0.914 0.918 0.918
 0.922 0.922 0.926 0.928 0.928 0.94  0.94  0.942 0.942 0.946 0.946 0.954
 0.954 0.956 0.956 0.958 0.958 0.962 0.962 0.968 0.968 0.97  0.97  0.974
 0.974 0.978 0.978 0.982 0.982 0.986 0.986 0.988 0.988 0.99  0.99  0.994
 0.994 0.996 0.996 0.998 0.998 1.    1.   ] | AUC Score0.927672 | 
2023-03-16 19:10:48,066 INFO Starting testing
2023-03-16 19:10:53,468 INFO Testing Accuracy: tensor([0.8760, 0.8760, 0.8760, 0.8760, 0.8760, 0.8760, 0.8760, 0.8760, 0.8760,
        0.8760, 0.8760, 0.8760, 0.8760, 0.8760, 0.8760], device='cuda:0')% | Testing Loss0.6234493882656097 | 
2023-03-16 19:10:53,471 INFO False Positive Rate[0.    0.002 0.006 0.006 0.008 0.008 0.008 0.008 0.01  0.01  0.012 0.012
 0.014 0.014 0.016 0.016 0.016 0.016 0.016 0.016 0.02  0.02  0.022 0.022
 0.024 0.024 0.026 0.026 0.028 0.028 0.03  0.03  0.034 0.034 0.036 0.036
 0.038 0.038 0.038 0.038 0.04  0.04  0.042 0.044 0.044 0.046 0.046 0.048
 0.048 0.05  0.05  0.052 0.052 0.054 0.054 0.056 0.056 0.058 0.058 0.062
 0.062 0.064 0.064 0.066 0.066 0.068 0.068 0.072 0.072 0.078 0.078 0.08
 0.08  0.082 0.082 0.084 0.084 0.086 0.086 0.088 0.088 0.09  0.09  0.092
 0.092 0.094 0.094 0.096 0.096 0.098 0.098 0.1   0.1   0.104 0.104 0.106
 0.106 0.108 0.108 0.11  0.11  0.112 0.112 0.116 0.116 0.118 0.118 0.12
 0.12  0.122 0.122 0.124 0.124 0.126 0.126 0.128 0.128 0.13  0.13  0.134
 0.134 0.138 0.138 0.138 0.14  0.14  0.142 0.142 0.144 0.144 0.146 0.146
 0.148 0.148 0.15  0.15  0.152 0.152 0.154 0.154 0.158 0.158 0.16  0.16
 0.162 0.162 0.17  0.17  0.172 0.172 0.186 0.186 0.19  0.19  0.208 0.208
 0.214 0.214 0.218 0.218 0.222 0.222 1.   ] | True Positive Rate[0.    0.    0.    0.006 0.006 0.052 0.056 0.07  0.07  0.08  0.08  0.102
 0.102 0.112 0.112 0.134 0.138 0.156 0.16  0.178 0.178 0.194 0.194 0.214
 0.214 0.236 0.236 0.252 0.252 0.286 0.286 0.29  0.29  0.294 0.294 0.298
 0.298 0.302 0.306 0.318 0.318 0.33  0.33  0.332 0.346 0.348 0.376 0.376
 0.398 0.398 0.412 0.412 0.424 0.424 0.426 0.426 0.436 0.436 0.44  0.44
 0.454 0.454 0.458 0.458 0.468 0.468 0.472 0.472 0.494 0.494 0.504 0.504
 0.526 0.526 0.574 0.574 0.594 0.594 0.596 0.596 0.606 0.606 0.626 0.626
 0.638 0.638 0.64  0.64  0.662 0.662 0.676 0.676 0.722 0.722 0.736 0.736
 0.738 0.738 0.744 0.744 0.746 0.746 0.752 0.752 0.77  0.77  0.79  0.79
 0.8   0.8   0.856 0.856 0.882 0.882 0.908 0.908 0.914 0.914 0.918 0.918
 0.922 0.922 0.926 0.928 0.928 0.94  0.94  0.942 0.942 0.946 0.946 0.954
 0.954 0.956 0.956 0.958 0.958 0.962 0.962 0.968 0.968 0.97  0.97  0.974
 0.974 0.978 0.978 0.982 0.982 0.986 0.986 0.988 0.988 0.99  0.99  0.994
 0.994 0.996 0.996 0.998 0.998 1.    1.   ] | AUC Score0.927672 | 
2023-03-16 19:11:26,265 INFO Starting testing
2023-03-16 19:11:31,454 INFO Testing Accuracy: tensor([0.8760, 0.8760, 0.8760, 0.8760, 0.8760, 0.8760, 0.8760, 0.8760, 0.8760,
        0.8760, 0.8760, 0.8760, 0.8760, 0.8760, 0.8760], device='cuda:0')% | Testing Loss0.6234493703842163 | 
2023-03-16 19:11:31,457 INFO False Positive Rate[0.    0.002 0.006 0.006 0.008 0.008 0.008 0.008 0.01  0.01  0.012 0.012
 0.014 0.014 0.016 0.016 0.016 0.016 0.016 0.016 0.02  0.02  0.022 0.022
 0.024 0.024 0.026 0.026 0.028 0.028 0.03  0.03  0.034 0.034 0.036 0.036
 0.038 0.038 0.038 0.038 0.04  0.04  0.042 0.044 0.044 0.046 0.046 0.048
 0.048 0.05  0.05  0.052 0.052 0.054 0.054 0.056 0.056 0.058 0.058 0.062
 0.062 0.064 0.064 0.066 0.066 0.068 0.068 0.072 0.072 0.078 0.078 0.08
 0.08  0.082 0.082 0.084 0.084 0.086 0.086 0.088 0.088 0.09  0.09  0.092
 0.092 0.094 0.094 0.096 0.096 0.098 0.098 0.1   0.1   0.104 0.104 0.106
 0.106 0.108 0.108 0.11  0.11  0.112 0.112 0.116 0.116 0.118 0.118 0.12
 0.12  0.122 0.122 0.124 0.124 0.126 0.126 0.128 0.128 0.13  0.13  0.134
 0.134 0.138 0.138 0.138 0.14  0.14  0.142 0.142 0.144 0.144 0.146 0.146
 0.148 0.148 0.15  0.15  0.152 0.152 0.154 0.154 0.158 0.158 0.16  0.16
 0.162 0.162 0.17  0.17  0.172 0.172 0.186 0.186 0.19  0.19  0.208 0.208
 0.214 0.214 0.218 0.218 0.222 0.222 1.   ] | True Positive Rate[0.    0.    0.    0.006 0.006 0.052 0.056 0.07  0.07  0.08  0.08  0.102
 0.102 0.112 0.112 0.134 0.138 0.156 0.16  0.178 0.178 0.194 0.194 0.214
 0.214 0.236 0.236 0.252 0.252 0.286 0.286 0.29  0.29  0.294 0.294 0.298
 0.298 0.302 0.306 0.318 0.318 0.33  0.33  0.332 0.346 0.348 0.376 0.376
 0.398 0.398 0.412 0.412 0.424 0.424 0.426 0.426 0.436 0.436 0.44  0.44
 0.454 0.454 0.458 0.458 0.468 0.468 0.472 0.472 0.494 0.494 0.504 0.504
 0.526 0.526 0.574 0.574 0.594 0.594 0.596 0.596 0.606 0.606 0.626 0.626
 0.638 0.638 0.64  0.64  0.662 0.662 0.676 0.676 0.722 0.722 0.736 0.736
 0.738 0.738 0.744 0.744 0.746 0.746 0.752 0.752 0.77  0.77  0.79  0.79
 0.8   0.8   0.856 0.856 0.882 0.882 0.908 0.908 0.914 0.914 0.918 0.918
 0.922 0.922 0.926 0.928 0.928 0.94  0.94  0.942 0.942 0.946 0.946 0.954
 0.954 0.956 0.956 0.958 0.958 0.962 0.962 0.968 0.968 0.97  0.97  0.974
 0.974 0.978 0.978 0.982 0.982 0.986 0.986 0.988 0.988 0.99  0.99  0.994
 0.994 0.996 0.996 0.998 0.998 1.    1.   ] | AUC Score0.927672 | 
2023-03-16 20:07:45,179 INFO Starting testing
2023-03-16 20:08:49,372 INFO Starting testing
2023-03-16 20:09:05,341 INFO Testing Accuracy: tensor([0.8760, 0.8760, 0.8760, 0.8760, 0.8760, 0.8760, 0.8760, 0.8760, 0.8760,
        0.8760, 0.8760, 0.8760, 0.8760, 0.8760, 0.8760], device='cuda:0')% | Testing Loss0.6234493830949068 | 
2023-03-16 20:09:05,346 INFO False Positive Rate[0.    0.002 0.006 0.006 0.008 0.008 0.008 0.008 0.01  0.01  0.012 0.012
 0.014 0.014 0.016 0.016 0.016 0.016 0.016 0.016 0.02  0.02  0.022 0.022
 0.024 0.024 0.026 0.026 0.028 0.028 0.03  0.03  0.034 0.034 0.036 0.036
 0.038 0.038 0.038 0.038 0.04  0.04  0.042 0.044 0.044 0.046 0.046 0.048
 0.048 0.05  0.05  0.052 0.052 0.054 0.054 0.056 0.056 0.058 0.058 0.062
 0.062 0.064 0.064 0.066 0.066 0.068 0.068 0.072 0.072 0.078 0.078 0.08
 0.08  0.082 0.082 0.084 0.084 0.086 0.086 0.088 0.088 0.09  0.09  0.092
 0.092 0.094 0.094 0.096 0.096 0.098 0.098 0.1   0.1   0.104 0.104 0.106
 0.106 0.108 0.108 0.11  0.11  0.112 0.112 0.116 0.116 0.118 0.118 0.12
 0.12  0.122 0.122 0.124 0.124 0.126 0.126 0.128 0.128 0.13  0.13  0.134
 0.134 0.138 0.138 0.138 0.14  0.14  0.142 0.142 0.144 0.144 0.146 0.146
 0.148 0.148 0.15  0.15  0.152 0.152 0.154 0.154 0.158 0.158 0.16  0.16
 0.162 0.162 0.17  0.17  0.172 0.172 0.186 0.186 0.19  0.19  0.208 0.208
 0.214 0.214 0.218 0.218 0.222 0.222 1.   ] | True Positive Rate[0.    0.    0.    0.006 0.006 0.052 0.056 0.07  0.07  0.08  0.08  0.102
 0.102 0.112 0.112 0.134 0.138 0.156 0.16  0.178 0.178 0.194 0.194 0.214
 0.214 0.236 0.236 0.252 0.252 0.286 0.286 0.29  0.29  0.294 0.294 0.298
 0.298 0.302 0.306 0.318 0.318 0.33  0.33  0.332 0.346 0.348 0.376 0.376
 0.398 0.398 0.412 0.412 0.424 0.424 0.426 0.426 0.436 0.436 0.44  0.44
 0.454 0.454 0.458 0.458 0.468 0.468 0.472 0.472 0.494 0.494 0.504 0.504
 0.526 0.526 0.574 0.574 0.594 0.594 0.596 0.596 0.606 0.606 0.626 0.626
 0.638 0.638 0.64  0.64  0.662 0.662 0.676 0.676 0.722 0.722 0.736 0.736
 0.738 0.738 0.744 0.744 0.746 0.746 0.752 0.752 0.77  0.77  0.79  0.79
 0.8   0.8   0.856 0.856 0.882 0.882 0.908 0.908 0.914 0.914 0.918 0.918
 0.922 0.922 0.926 0.928 0.928 0.94  0.94  0.942 0.942 0.946 0.946 0.954
 0.954 0.956 0.956 0.958 0.958 0.962 0.962 0.968 0.968 0.97  0.97  0.974
 0.974 0.978 0.978 0.982 0.982 0.986 0.986 0.988 0.988 0.99  0.99  0.994
 0.994 0.996 0.996 0.998 0.998 1.    1.   ] | AUC Score0.927672 | 
2023-03-16 20:10:46,736 INFO Starting testing
2023-03-16 20:10:51,350 INFO Testing Accuracy: tensor([0.8760, 0.8760, 0.8760, 0.8760, 0.8760, 0.8760, 0.8760, 0.8760, 0.8760,
        0.8760, 0.8760, 0.8760, 0.8760, 0.8760, 0.8760], device='cuda:0')% | Testing Loss0.6234493898302317 | 
2023-03-16 20:10:51,355 INFO False Positive Rate[0.    0.002 0.006 0.006 0.008 0.008 0.008 0.008 0.01  0.01  0.012 0.012
 0.014 0.014 0.016 0.016 0.016 0.016 0.016 0.016 0.02  0.02  0.022 0.022
 0.024 0.024 0.026 0.026 0.028 0.028 0.03  0.03  0.034 0.034 0.036 0.036
 0.038 0.038 0.038 0.038 0.04  0.04  0.042 0.044 0.044 0.046 0.046 0.048
 0.048 0.05  0.05  0.052 0.052 0.054 0.054 0.056 0.056 0.058 0.058 0.062
 0.062 0.064 0.064 0.066 0.066 0.068 0.068 0.072 0.072 0.078 0.078 0.08
 0.08  0.082 0.082 0.084 0.084 0.086 0.086 0.088 0.088 0.09  0.09  0.092
 0.092 0.094 0.094 0.096 0.096 0.098 0.098 0.1   0.1   0.104 0.104 0.106
 0.106 0.108 0.108 0.11  0.11  0.112 0.112 0.116 0.116 0.118 0.118 0.12
 0.12  0.122 0.122 0.124 0.124 0.126 0.126 0.128 0.128 0.13  0.13  0.134
 0.134 0.138 0.138 0.138 0.14  0.14  0.142 0.142 0.144 0.144 0.146 0.146
 0.148 0.148 0.15  0.15  0.152 0.152 0.154 0.154 0.158 0.158 0.16  0.16
 0.162 0.162 0.17  0.17  0.172 0.172 0.186 0.186 0.19  0.19  0.208 0.208
 0.214 0.214 0.218 0.218 0.222 0.222 1.   ] | True Positive Rate[0.    0.    0.    0.006 0.006 0.052 0.056 0.07  0.07  0.08  0.08  0.102
 0.102 0.112 0.112 0.134 0.138 0.156 0.16  0.178 0.178 0.194 0.194 0.214
 0.214 0.236 0.236 0.252 0.252 0.286 0.286 0.29  0.29  0.294 0.294 0.298
 0.298 0.302 0.306 0.318 0.318 0.33  0.33  0.332 0.346 0.348 0.376 0.376
 0.398 0.398 0.412 0.412 0.424 0.424 0.426 0.426 0.436 0.436 0.44  0.44
 0.454 0.454 0.458 0.458 0.468 0.468 0.472 0.472 0.494 0.494 0.504 0.504
 0.526 0.526 0.574 0.574 0.594 0.594 0.596 0.596 0.606 0.606 0.626 0.626
 0.638 0.638 0.64  0.64  0.662 0.662 0.676 0.676 0.722 0.722 0.736 0.736
 0.738 0.738 0.744 0.744 0.746 0.746 0.752 0.752 0.77  0.77  0.79  0.79
 0.8   0.8   0.856 0.856 0.882 0.882 0.908 0.908 0.914 0.914 0.918 0.918
 0.922 0.922 0.926 0.928 0.928 0.94  0.94  0.942 0.942 0.946 0.946 0.954
 0.954 0.956 0.956 0.958 0.958 0.962 0.962 0.968 0.968 0.97  0.97  0.974
 0.974 0.978 0.978 0.982 0.982 0.986 0.986 0.988 0.988 0.99  0.99  0.994
 0.994 0.996 0.996 0.998 0.998 1.    1.   ] | AUC Score0.927672 | 
2023-03-16 20:15:02,484 INFO Starting testing
2023-03-16 20:16:13,298 INFO Starting testing
2023-03-16 20:17:20,892 INFO Starting testing
2023-03-16 20:18:16,992 INFO Starting testing
2023-03-16 20:18:41,036 INFO Starting testing
2023-03-16 20:19:09,265 INFO Starting testing
2023-03-16 20:19:13,967 INFO Testing Accuracy: 1.0% | Testing Loss0.6234493752792477 | 
2023-03-16 20:19:13,970 INFO False Positive Rate[0.    0.002 0.006 0.006 0.008 0.008 0.008 0.008 0.01  0.01  0.012 0.012
 0.014 0.014 0.016 0.016 0.016 0.016 0.016 0.016 0.02  0.02  0.022 0.022
 0.024 0.024 0.026 0.026 0.028 0.028 0.03  0.03  0.034 0.034 0.036 0.036
 0.038 0.038 0.038 0.038 0.04  0.04  0.042 0.044 0.044 0.046 0.046 0.048
 0.048 0.05  0.05  0.052 0.052 0.054 0.054 0.056 0.056 0.058 0.058 0.062
 0.062 0.064 0.064 0.066 0.066 0.068 0.068 0.072 0.072 0.078 0.078 0.08
 0.08  0.082 0.082 0.084 0.084 0.086 0.086 0.088 0.088 0.09  0.09  0.092
 0.092 0.094 0.094 0.096 0.096 0.098 0.098 0.1   0.1   0.104 0.104 0.106
 0.106 0.108 0.108 0.11  0.11  0.112 0.112 0.116 0.116 0.118 0.118 0.12
 0.12  0.122 0.122 0.124 0.124 0.126 0.126 0.128 0.128 0.13  0.13  0.134
 0.134 0.138 0.138 0.138 0.14  0.14  0.142 0.142 0.144 0.144 0.146 0.146
 0.148 0.148 0.15  0.15  0.152 0.152 0.154 0.154 0.158 0.158 0.16  0.16
 0.162 0.162 0.17  0.17  0.172 0.172 0.186 0.186 0.19  0.19  0.208 0.208
 0.214 0.214 0.218 0.218 0.222 0.222 1.   ] | True Positive Rate[0.    0.    0.    0.006 0.006 0.052 0.056 0.07  0.07  0.08  0.08  0.102
 0.102 0.112 0.112 0.134 0.138 0.156 0.16  0.178 0.178 0.194 0.194 0.214
 0.214 0.236 0.236 0.252 0.252 0.286 0.286 0.29  0.29  0.294 0.294 0.298
 0.298 0.302 0.306 0.318 0.318 0.33  0.33  0.332 0.346 0.348 0.376 0.376
 0.398 0.398 0.412 0.412 0.424 0.424 0.426 0.426 0.436 0.436 0.44  0.44
 0.454 0.454 0.458 0.458 0.468 0.468 0.472 0.472 0.494 0.494 0.504 0.504
 0.526 0.526 0.574 0.574 0.594 0.594 0.596 0.596 0.606 0.606 0.626 0.626
 0.638 0.638 0.64  0.64  0.662 0.662 0.676 0.676 0.722 0.722 0.736 0.736
 0.738 0.738 0.744 0.744 0.746 0.746 0.752 0.752 0.77  0.77  0.79  0.79
 0.8   0.8   0.856 0.856 0.882 0.882 0.908 0.908 0.914 0.914 0.918 0.918
 0.922 0.922 0.926 0.928 0.928 0.94  0.94  0.942 0.942 0.946 0.946 0.954
 0.954 0.956 0.956 0.958 0.958 0.962 0.962 0.968 0.968 0.97  0.97  0.974
 0.974 0.978 0.978 0.982 0.982 0.986 0.986 0.988 0.988 0.99  0.99  0.994
 0.994 0.996 0.996 0.998 0.998 1.    1.   ] | AUC Score0.927672 | 
2023-03-16 20:19:38,536 INFO Starting testing
2023-03-16 20:19:43,683 INFO Testing Accuracy: 0.75% | Testing Loss0.6234493637084961 | 
2023-03-16 20:19:43,687 INFO False Positive Rate[0.    0.002 0.006 0.006 0.008 0.008 0.008 0.008 0.01  0.01  0.012 0.012
 0.014 0.014 0.016 0.016 0.016 0.016 0.016 0.016 0.02  0.02  0.022 0.022
 0.024 0.024 0.026 0.026 0.028 0.028 0.03  0.03  0.034 0.034 0.036 0.036
 0.038 0.038 0.038 0.038 0.04  0.04  0.042 0.044 0.044 0.046 0.046 0.048
 0.048 0.05  0.05  0.052 0.052 0.054 0.054 0.056 0.056 0.058 0.058 0.062
 0.062 0.064 0.064 0.066 0.066 0.068 0.068 0.072 0.072 0.078 0.078 0.08
 0.08  0.082 0.082 0.084 0.084 0.086 0.086 0.088 0.088 0.09  0.09  0.092
 0.092 0.094 0.094 0.096 0.096 0.098 0.098 0.1   0.1   0.104 0.104 0.106
 0.106 0.108 0.108 0.11  0.11  0.112 0.112 0.116 0.116 0.118 0.118 0.12
 0.12  0.122 0.122 0.124 0.124 0.126 0.126 0.128 0.128 0.13  0.13  0.134
 0.134 0.138 0.138 0.138 0.14  0.14  0.142 0.142 0.144 0.144 0.146 0.146
 0.148 0.148 0.15  0.15  0.152 0.152 0.154 0.154 0.158 0.158 0.16  0.16
 0.162 0.162 0.17  0.17  0.172 0.172 0.186 0.186 0.19  0.19  0.208 0.208
 0.214 0.214 0.218 0.218 0.222 0.222 1.   ] | True Positive Rate[0.    0.    0.    0.006 0.006 0.052 0.056 0.07  0.07  0.08  0.08  0.102
 0.102 0.112 0.112 0.134 0.138 0.156 0.16  0.178 0.178 0.194 0.194 0.214
 0.214 0.236 0.236 0.252 0.252 0.286 0.286 0.29  0.29  0.294 0.294 0.298
 0.298 0.302 0.306 0.318 0.318 0.33  0.33  0.332 0.346 0.348 0.376 0.376
 0.398 0.398 0.412 0.412 0.424 0.424 0.426 0.426 0.436 0.436 0.44  0.44
 0.454 0.454 0.458 0.458 0.468 0.468 0.472 0.472 0.494 0.494 0.504 0.504
 0.526 0.526 0.574 0.574 0.594 0.594 0.596 0.596 0.606 0.606 0.626 0.626
 0.638 0.638 0.64  0.64  0.662 0.662 0.676 0.676 0.722 0.722 0.736 0.736
 0.738 0.738 0.744 0.744 0.746 0.746 0.752 0.752 0.77  0.77  0.79  0.79
 0.8   0.8   0.856 0.856 0.882 0.882 0.908 0.908 0.914 0.914 0.918 0.918
 0.922 0.922 0.926 0.928 0.928 0.94  0.94  0.942 0.942 0.946 0.946 0.954
 0.954 0.956 0.956 0.958 0.958 0.962 0.962 0.968 0.968 0.97  0.97  0.974
 0.974 0.978 0.978 0.982 0.982 0.986 0.986 0.988 0.988 0.99  0.99  0.994
 0.994 0.996 0.996 0.998 0.998 1.    1.   ] | AUC Score0.927672 | 
2023-03-16 20:19:54,126 INFO Starting testing
2023-03-16 20:19:59,071 INFO Testing Accuracy: 0.875% | Testing Loss0.6234493951797485 | 
2023-03-16 20:19:59,074 INFO False Positive Rate[0.    0.002 0.006 0.006 0.008 0.008 0.008 0.008 0.01  0.01  0.012 0.012
 0.014 0.014 0.016 0.016 0.016 0.016 0.016 0.016 0.02  0.02  0.022 0.022
 0.024 0.024 0.026 0.026 0.028 0.028 0.03  0.03  0.034 0.034 0.036 0.036
 0.038 0.038 0.038 0.038 0.04  0.04  0.042 0.044 0.044 0.046 0.046 0.048
 0.048 0.05  0.05  0.052 0.052 0.054 0.054 0.056 0.056 0.058 0.058 0.062
 0.062 0.064 0.064 0.066 0.066 0.068 0.068 0.072 0.072 0.078 0.078 0.08
 0.08  0.082 0.082 0.084 0.084 0.086 0.086 0.088 0.088 0.09  0.09  0.092
 0.092 0.094 0.094 0.096 0.096 0.098 0.098 0.1   0.1   0.104 0.104 0.106
 0.106 0.108 0.108 0.11  0.11  0.112 0.112 0.116 0.116 0.118 0.118 0.12
 0.12  0.122 0.122 0.124 0.124 0.126 0.126 0.128 0.128 0.13  0.13  0.134
 0.134 0.138 0.138 0.138 0.14  0.14  0.142 0.142 0.144 0.144 0.146 0.146
 0.148 0.148 0.15  0.15  0.152 0.152 0.154 0.154 0.158 0.158 0.16  0.16
 0.162 0.162 0.17  0.17  0.172 0.172 0.186 0.186 0.19  0.19  0.208 0.208
 0.214 0.214 0.218 0.218 0.222 0.222 1.   ] | True Positive Rate[0.    0.    0.    0.006 0.006 0.052 0.056 0.07  0.07  0.08  0.08  0.102
 0.102 0.112 0.112 0.134 0.138 0.156 0.16  0.178 0.178 0.194 0.194 0.214
 0.214 0.236 0.236 0.252 0.252 0.286 0.286 0.29  0.29  0.294 0.294 0.298
 0.298 0.302 0.306 0.318 0.318 0.33  0.33  0.332 0.346 0.348 0.376 0.376
 0.398 0.398 0.412 0.412 0.424 0.424 0.426 0.426 0.436 0.436 0.44  0.44
 0.454 0.454 0.458 0.458 0.468 0.468 0.472 0.472 0.494 0.494 0.504 0.504
 0.526 0.526 0.574 0.574 0.594 0.594 0.596 0.596 0.606 0.606 0.626 0.626
 0.638 0.638 0.64  0.64  0.662 0.662 0.676 0.676 0.722 0.722 0.736 0.736
 0.738 0.738 0.744 0.744 0.746 0.746 0.752 0.752 0.77  0.77  0.79  0.79
 0.8   0.8   0.856 0.856 0.882 0.882 0.908 0.908 0.914 0.914 0.918 0.918
 0.922 0.922 0.926 0.928 0.928 0.94  0.94  0.942 0.942 0.946 0.946 0.954
 0.954 0.956 0.956 0.958 0.958 0.962 0.962 0.968 0.968 0.97  0.97  0.974
 0.974 0.978 0.978 0.982 0.982 0.986 0.986 0.988 0.988 0.99  0.99  0.994
 0.994 0.996 0.996 0.998 0.998 1.    1.   ] | AUC Score0.927672 | 
2023-03-16 20:20:31,381 INFO Starting testing
2023-03-16 20:20:35,938 INFO Testing Accuracy: 0.75% | Testing Loss0.6234494117498398 | 
2023-03-16 20:20:35,941 INFO False Positive Rate[0.    0.002 0.006 0.006 0.008 0.008 0.008 0.008 0.01  0.01  0.012 0.012
 0.014 0.014 0.016 0.016 0.016 0.016 0.016 0.016 0.02  0.02  0.022 0.022
 0.024 0.024 0.026 0.026 0.028 0.028 0.03  0.03  0.034 0.034 0.036 0.036
 0.038 0.038 0.038 0.038 0.04  0.04  0.042 0.044 0.044 0.046 0.046 0.048
 0.048 0.05  0.05  0.052 0.052 0.054 0.054 0.056 0.056 0.058 0.058 0.062
 0.062 0.064 0.064 0.066 0.066 0.068 0.068 0.072 0.072 0.078 0.078 0.08
 0.08  0.082 0.082 0.084 0.084 0.086 0.086 0.088 0.088 0.09  0.09  0.092
 0.092 0.094 0.094 0.096 0.096 0.098 0.098 0.1   0.1   0.104 0.104 0.106
 0.106 0.108 0.108 0.11  0.11  0.112 0.112 0.116 0.116 0.118 0.118 0.12
 0.12  0.122 0.122 0.124 0.124 0.126 0.126 0.128 0.128 0.13  0.13  0.134
 0.134 0.138 0.138 0.138 0.14  0.14  0.142 0.142 0.144 0.144 0.146 0.146
 0.148 0.148 0.15  0.15  0.152 0.152 0.154 0.154 0.158 0.158 0.16  0.16
 0.162 0.162 0.17  0.17  0.172 0.172 0.186 0.186 0.19  0.19  0.208 0.208
 0.214 0.214 0.218 0.218 0.222 0.222 1.   ] | True Positive Rate[0.    0.    0.    0.006 0.006 0.052 0.056 0.07  0.07  0.08  0.08  0.102
 0.102 0.112 0.112 0.134 0.138 0.156 0.16  0.178 0.178 0.194 0.194 0.214
 0.214 0.236 0.236 0.252 0.252 0.286 0.286 0.29  0.29  0.294 0.294 0.298
 0.298 0.302 0.306 0.318 0.318 0.33  0.33  0.332 0.346 0.348 0.376 0.376
 0.398 0.398 0.412 0.412 0.424 0.424 0.426 0.426 0.436 0.436 0.44  0.44
 0.454 0.454 0.458 0.458 0.468 0.468 0.472 0.472 0.494 0.494 0.504 0.504
 0.526 0.526 0.574 0.574 0.594 0.594 0.596 0.596 0.606 0.606 0.626 0.626
 0.638 0.638 0.64  0.64  0.662 0.662 0.676 0.676 0.722 0.722 0.736 0.736
 0.738 0.738 0.744 0.744 0.746 0.746 0.752 0.752 0.77  0.77  0.79  0.79
 0.8   0.8   0.856 0.856 0.882 0.882 0.908 0.908 0.914 0.914 0.918 0.918
 0.922 0.922 0.926 0.928 0.928 0.94  0.94  0.942 0.942 0.946 0.946 0.954
 0.954 0.956 0.956 0.958 0.958 0.962 0.962 0.968 0.968 0.97  0.97  0.974
 0.974 0.978 0.978 0.982 0.982 0.986 0.986 0.988 0.988 0.99  0.99  0.994
 0.994 0.996 0.996 0.998 0.998 1.    1.   ] | AUC Score0.927672 | 
2023-03-16 20:20:40,682 INFO Starting testing
2023-03-16 20:20:45,421 INFO Testing Accuracy: 0.875% | Testing Loss0.6234493861198426 | 
2023-03-16 20:20:45,424 INFO False Positive Rate[0.    0.002 0.006 0.006 0.008 0.008 0.008 0.008 0.01  0.01  0.012 0.012
 0.014 0.014 0.016 0.016 0.016 0.016 0.016 0.016 0.02  0.02  0.022 0.022
 0.024 0.024 0.026 0.026 0.028 0.028 0.03  0.03  0.034 0.034 0.036 0.036
 0.038 0.038 0.038 0.038 0.04  0.04  0.042 0.044 0.044 0.046 0.046 0.048
 0.048 0.05  0.05  0.052 0.052 0.054 0.054 0.056 0.056 0.058 0.058 0.062
 0.062 0.064 0.064 0.066 0.066 0.068 0.068 0.072 0.072 0.078 0.078 0.08
 0.08  0.082 0.082 0.084 0.084 0.086 0.086 0.088 0.088 0.09  0.09  0.092
 0.092 0.094 0.094 0.096 0.096 0.098 0.098 0.1   0.1   0.104 0.104 0.106
 0.106 0.108 0.108 0.11  0.11  0.112 0.112 0.116 0.116 0.118 0.118 0.12
 0.12  0.122 0.122 0.124 0.124 0.126 0.126 0.128 0.128 0.13  0.13  0.134
 0.134 0.138 0.138 0.138 0.14  0.14  0.142 0.142 0.144 0.144 0.146 0.146
 0.148 0.148 0.15  0.15  0.152 0.152 0.154 0.154 0.158 0.158 0.16  0.16
 0.162 0.162 0.17  0.17  0.172 0.172 0.186 0.186 0.19  0.19  0.208 0.208
 0.214 0.214 0.218 0.218 0.222 0.222 1.   ] | True Positive Rate[0.    0.    0.    0.006 0.006 0.052 0.056 0.07  0.07  0.08  0.08  0.102
 0.102 0.112 0.112 0.134 0.138 0.156 0.16  0.178 0.178 0.194 0.194 0.214
 0.214 0.236 0.236 0.252 0.252 0.286 0.286 0.29  0.29  0.294 0.294 0.298
 0.298 0.302 0.306 0.318 0.318 0.33  0.33  0.332 0.346 0.348 0.376 0.376
 0.398 0.398 0.412 0.412 0.424 0.424 0.426 0.426 0.436 0.436 0.44  0.44
 0.454 0.454 0.458 0.458 0.468 0.468 0.472 0.472 0.494 0.494 0.504 0.504
 0.526 0.526 0.574 0.574 0.594 0.594 0.596 0.596 0.606 0.606 0.626 0.626
 0.638 0.638 0.64  0.64  0.662 0.662 0.676 0.676 0.722 0.722 0.736 0.736
 0.738 0.738 0.744 0.744 0.746 0.746 0.752 0.752 0.77  0.77  0.79  0.79
 0.8   0.8   0.856 0.856 0.882 0.882 0.908 0.908 0.914 0.914 0.918 0.918
 0.922 0.922 0.926 0.928 0.928 0.94  0.94  0.942 0.942 0.946 0.946 0.954
 0.954 0.956 0.956 0.958 0.958 0.962 0.962 0.968 0.968 0.97  0.97  0.974
 0.974 0.978 0.978 0.982 0.982 0.986 0.986 0.988 0.988 0.99  0.99  0.994
 0.994 0.996 0.996 0.998 0.998 1.    1.   ] | AUC Score0.927672 | 
2023-03-16 20:21:03,651 INFO Starting testing
2023-03-16 20:21:08,656 INFO Testing Accuracy: 87.5% | Testing Loss0.623449383020401 | 
2023-03-16 20:21:08,659 INFO False Positive Rate[0.    0.002 0.006 0.006 0.008 0.008 0.008 0.008 0.01  0.01  0.012 0.012
 0.014 0.014 0.016 0.016 0.016 0.016 0.016 0.016 0.02  0.02  0.022 0.022
 0.024 0.024 0.026 0.026 0.028 0.028 0.03  0.03  0.034 0.034 0.036 0.036
 0.038 0.038 0.038 0.038 0.04  0.04  0.042 0.044 0.044 0.046 0.046 0.048
 0.048 0.05  0.05  0.052 0.052 0.054 0.054 0.056 0.056 0.058 0.058 0.062
 0.062 0.064 0.064 0.066 0.066 0.068 0.068 0.072 0.072 0.078 0.078 0.08
 0.08  0.082 0.082 0.084 0.084 0.086 0.086 0.088 0.088 0.09  0.09  0.092
 0.092 0.094 0.094 0.096 0.096 0.098 0.098 0.1   0.1   0.104 0.104 0.106
 0.106 0.108 0.108 0.11  0.11  0.112 0.112 0.116 0.116 0.118 0.118 0.12
 0.12  0.122 0.122 0.124 0.124 0.126 0.126 0.128 0.128 0.13  0.13  0.134
 0.134 0.138 0.138 0.138 0.14  0.14  0.142 0.142 0.144 0.144 0.146 0.146
 0.148 0.148 0.15  0.15  0.152 0.152 0.154 0.154 0.158 0.158 0.16  0.16
 0.162 0.162 0.17  0.17  0.172 0.172 0.186 0.186 0.19  0.19  0.208 0.208
 0.214 0.214 0.218 0.218 0.222 0.222 1.   ] | True Positive Rate[0.    0.    0.    0.006 0.006 0.052 0.056 0.07  0.07  0.08  0.08  0.102
 0.102 0.112 0.112 0.134 0.138 0.156 0.16  0.178 0.178 0.194 0.194 0.214
 0.214 0.236 0.236 0.252 0.252 0.286 0.286 0.29  0.29  0.294 0.294 0.298
 0.298 0.302 0.306 0.318 0.318 0.33  0.33  0.332 0.346 0.348 0.376 0.376
 0.398 0.398 0.412 0.412 0.424 0.424 0.426 0.426 0.436 0.436 0.44  0.44
 0.454 0.454 0.458 0.458 0.468 0.468 0.472 0.472 0.494 0.494 0.504 0.504
 0.526 0.526 0.574 0.574 0.594 0.594 0.596 0.596 0.606 0.606 0.626 0.626
 0.638 0.638 0.64  0.64  0.662 0.662 0.676 0.676 0.722 0.722 0.736 0.736
 0.738 0.738 0.744 0.744 0.746 0.746 0.752 0.752 0.77  0.77  0.79  0.79
 0.8   0.8   0.856 0.856 0.882 0.882 0.908 0.908 0.914 0.914 0.918 0.918
 0.922 0.922 0.926 0.928 0.928 0.94  0.94  0.942 0.942 0.946 0.946 0.954
 0.954 0.956 0.956 0.958 0.958 0.962 0.962 0.968 0.968 0.97  0.97  0.974
 0.974 0.978 0.978 0.982 0.982 0.986 0.986 0.988 0.988 0.99  0.99  0.994
 0.994 0.996 0.996 0.998 0.998 1.    1.   ] | AUC Score0.927672 | 
2023-03-16 20:22:27,508 INFO Starting testing
2023-03-16 20:22:38,599 INFO Starting testing
2023-03-16 20:22:43,380 INFO Testing Accuracy: 0.0% | Testing Loss0.6234494199752808 | 
2023-03-16 20:22:43,384 INFO False Positive Rate[0.    0.002 0.006 0.006 0.008 0.008 0.008 0.008 0.01  0.01  0.012 0.012
 0.014 0.014 0.016 0.016 0.016 0.016 0.016 0.016 0.02  0.02  0.022 0.022
 0.024 0.024 0.026 0.026 0.028 0.028 0.03  0.03  0.034 0.034 0.036 0.036
 0.038 0.038 0.038 0.038 0.04  0.04  0.042 0.044 0.044 0.046 0.046 0.048
 0.048 0.05  0.05  0.052 0.052 0.054 0.054 0.056 0.056 0.058 0.058 0.062
 0.062 0.064 0.064 0.066 0.066 0.068 0.068 0.072 0.072 0.078 0.078 0.08
 0.08  0.082 0.082 0.084 0.084 0.086 0.086 0.088 0.088 0.09  0.09  0.092
 0.092 0.094 0.094 0.096 0.096 0.098 0.098 0.1   0.1   0.104 0.104 0.106
 0.106 0.108 0.108 0.11  0.11  0.112 0.112 0.116 0.116 0.118 0.118 0.12
 0.12  0.122 0.122 0.124 0.124 0.126 0.126 0.128 0.128 0.13  0.13  0.134
 0.134 0.138 0.138 0.138 0.14  0.14  0.142 0.142 0.144 0.144 0.146 0.146
 0.148 0.148 0.15  0.15  0.152 0.152 0.154 0.154 0.158 0.158 0.16  0.16
 0.162 0.162 0.17  0.17  0.172 0.172 0.186 0.186 0.19  0.19  0.208 0.208
 0.214 0.214 0.218 0.218 0.222 0.222 1.   ] | True Positive Rate[0.    0.    0.    0.006 0.006 0.052 0.056 0.07  0.07  0.08  0.08  0.102
 0.102 0.112 0.112 0.134 0.138 0.156 0.16  0.178 0.178 0.194 0.194 0.214
 0.214 0.236 0.236 0.252 0.252 0.286 0.286 0.29  0.29  0.294 0.294 0.298
 0.298 0.302 0.306 0.318 0.318 0.33  0.33  0.332 0.346 0.348 0.376 0.376
 0.398 0.398 0.412 0.412 0.424 0.424 0.426 0.426 0.436 0.436 0.44  0.44
 0.454 0.454 0.458 0.458 0.468 0.468 0.472 0.472 0.494 0.494 0.504 0.504
 0.526 0.526 0.574 0.574 0.594 0.594 0.596 0.596 0.606 0.606 0.626 0.626
 0.638 0.638 0.64  0.64  0.662 0.662 0.676 0.676 0.722 0.722 0.736 0.736
 0.738 0.738 0.744 0.744 0.746 0.746 0.752 0.752 0.77  0.77  0.79  0.79
 0.8   0.8   0.856 0.856 0.882 0.882 0.908 0.908 0.914 0.914 0.918 0.918
 0.922 0.922 0.926 0.928 0.928 0.94  0.94  0.942 0.942 0.946 0.946 0.954
 0.954 0.956 0.956 0.958 0.958 0.962 0.962 0.968 0.968 0.97  0.97  0.974
 0.974 0.978 0.978 0.982 0.982 0.986 0.986 0.988 0.988 0.99  0.99  0.994
 0.994 0.996 0.996 0.998 0.998 1.    1.   ] | AUC Score0.927672 | 
2023-03-16 20:23:15,314 INFO Starting testing
2023-03-16 20:23:19,476 INFO Testing Accuracy: 0.0% | Testing Loss0.6234493879675865 | 
2023-03-16 20:23:19,479 INFO False Positive Rate[0.    0.002 0.006 0.006 0.008 0.008 0.008 0.008 0.01  0.01  0.012 0.012
 0.014 0.014 0.016 0.016 0.016 0.016 0.016 0.016 0.02  0.02  0.022 0.022
 0.024 0.024 0.026 0.026 0.028 0.028 0.03  0.03  0.034 0.034 0.036 0.036
 0.038 0.038 0.038 0.038 0.04  0.04  0.042 0.044 0.044 0.046 0.046 0.048
 0.048 0.05  0.05  0.052 0.052 0.054 0.054 0.056 0.056 0.058 0.058 0.062
 0.062 0.064 0.064 0.066 0.066 0.068 0.068 0.072 0.072 0.078 0.078 0.08
 0.08  0.082 0.082 0.084 0.084 0.086 0.086 0.088 0.088 0.09  0.09  0.092
 0.092 0.094 0.094 0.096 0.096 0.098 0.098 0.1   0.1   0.104 0.104 0.106
 0.106 0.108 0.108 0.11  0.11  0.112 0.112 0.116 0.116 0.118 0.118 0.12
 0.12  0.122 0.122 0.124 0.124 0.126 0.126 0.128 0.128 0.13  0.13  0.134
 0.134 0.138 0.138 0.138 0.14  0.14  0.142 0.142 0.144 0.144 0.146 0.146
 0.148 0.148 0.15  0.15  0.152 0.152 0.154 0.154 0.158 0.158 0.16  0.16
 0.162 0.162 0.17  0.17  0.172 0.172 0.186 0.186 0.19  0.19  0.208 0.208
 0.214 0.214 0.218 0.218 0.222 0.222 1.   ] | True Positive Rate[0.    0.    0.    0.006 0.006 0.052 0.056 0.07  0.07  0.08  0.08  0.102
 0.102 0.112 0.112 0.134 0.138 0.156 0.16  0.178 0.178 0.194 0.194 0.214
 0.214 0.236 0.236 0.252 0.252 0.286 0.286 0.29  0.29  0.294 0.294 0.298
 0.298 0.302 0.306 0.318 0.318 0.33  0.33  0.332 0.346 0.348 0.376 0.376
 0.398 0.398 0.412 0.412 0.424 0.424 0.426 0.426 0.436 0.436 0.44  0.44
 0.454 0.454 0.458 0.458 0.468 0.468 0.472 0.472 0.494 0.494 0.504 0.504
 0.526 0.526 0.574 0.574 0.594 0.594 0.596 0.596 0.606 0.606 0.626 0.626
 0.638 0.638 0.64  0.64  0.662 0.662 0.676 0.676 0.722 0.722 0.736 0.736
 0.738 0.738 0.744 0.744 0.746 0.746 0.752 0.752 0.77  0.77  0.79  0.79
 0.8   0.8   0.856 0.856 0.882 0.882 0.908 0.908 0.914 0.914 0.918 0.918
 0.922 0.922 0.926 0.928 0.928 0.94  0.94  0.942 0.942 0.946 0.946 0.954
 0.954 0.956 0.956 0.958 0.958 0.962 0.962 0.968 0.968 0.97  0.97  0.974
 0.974 0.978 0.978 0.982 0.982 0.986 0.986 0.988 0.988 0.99  0.99  0.994
 0.994 0.996 0.996 0.998 0.998 1.    1.   ] | AUC Score0.927672 | 
2023-03-16 20:23:47,105 INFO Starting testing
2023-03-16 20:23:52,341 INFO Testing Accuracy: 0.0% | Testing Loss0.6234493826627732 | 
2023-03-16 20:23:52,345 INFO False Positive Rate[0.    0.002 0.006 0.006 0.008 0.008 0.008 0.008 0.01  0.01  0.012 0.012
 0.014 0.014 0.016 0.016 0.016 0.016 0.016 0.016 0.02  0.02  0.022 0.022
 0.024 0.024 0.026 0.026 0.028 0.028 0.03  0.03  0.034 0.034 0.036 0.036
 0.038 0.038 0.038 0.038 0.04  0.04  0.042 0.044 0.044 0.046 0.046 0.048
 0.048 0.05  0.05  0.052 0.052 0.054 0.054 0.056 0.056 0.058 0.058 0.062
 0.062 0.064 0.064 0.066 0.066 0.068 0.068 0.072 0.072 0.078 0.078 0.08
 0.08  0.082 0.082 0.084 0.084 0.086 0.086 0.088 0.088 0.09  0.09  0.092
 0.092 0.094 0.094 0.096 0.096 0.098 0.098 0.1   0.1   0.104 0.104 0.106
 0.106 0.108 0.108 0.11  0.11  0.112 0.112 0.116 0.116 0.118 0.118 0.12
 0.12  0.122 0.122 0.124 0.124 0.126 0.126 0.128 0.128 0.13  0.13  0.134
 0.134 0.138 0.138 0.138 0.14  0.14  0.142 0.142 0.144 0.144 0.146 0.146
 0.148 0.148 0.15  0.15  0.152 0.152 0.154 0.154 0.158 0.158 0.16  0.16
 0.162 0.162 0.17  0.17  0.172 0.172 0.186 0.186 0.19  0.19  0.208 0.208
 0.214 0.214 0.218 0.218 0.222 0.222 1.   ] | True Positive Rate[0.    0.    0.    0.006 0.006 0.052 0.056 0.07  0.07  0.08  0.08  0.102
 0.102 0.112 0.112 0.134 0.138 0.156 0.16  0.178 0.178 0.194 0.194 0.214
 0.214 0.236 0.236 0.252 0.252 0.286 0.286 0.29  0.29  0.294 0.294 0.298
 0.298 0.302 0.306 0.318 0.318 0.33  0.33  0.332 0.346 0.348 0.376 0.376
 0.398 0.398 0.412 0.412 0.424 0.424 0.426 0.426 0.436 0.436 0.44  0.44
 0.454 0.454 0.458 0.458 0.468 0.468 0.472 0.472 0.494 0.494 0.504 0.504
 0.526 0.526 0.574 0.574 0.594 0.594 0.596 0.596 0.606 0.606 0.626 0.626
 0.638 0.638 0.64  0.64  0.662 0.662 0.676 0.676 0.722 0.722 0.736 0.736
 0.738 0.738 0.744 0.744 0.746 0.746 0.752 0.752 0.77  0.77  0.79  0.79
 0.8   0.8   0.856 0.856 0.882 0.882 0.908 0.908 0.914 0.914 0.918 0.918
 0.922 0.922 0.926 0.928 0.928 0.94  0.94  0.942 0.942 0.946 0.946 0.954
 0.954 0.956 0.956 0.958 0.958 0.962 0.962 0.968 0.968 0.97  0.97  0.974
 0.974 0.978 0.978 0.982 0.982 0.986 0.986 0.988 0.988 0.99  0.99  0.994
 0.994 0.996 0.996 0.998 0.998 1.    1.   ] | AUC Score0.927672 | 
2023-03-16 20:24:10,695 INFO Starting testing
2023-03-16 20:24:15,711 INFO Testing Accuracy: 0.0% | Testing Loss0.62344937312603 | 
2023-03-16 20:24:15,715 INFO False Positive Rate[0.    0.002 0.006 0.006 0.008 0.008 0.008 0.008 0.01  0.01  0.012 0.012
 0.014 0.014 0.016 0.016 0.016 0.016 0.016 0.016 0.02  0.02  0.022 0.022
 0.024 0.024 0.026 0.026 0.028 0.028 0.03  0.03  0.034 0.034 0.036 0.036
 0.038 0.038 0.038 0.038 0.04  0.04  0.042 0.044 0.044 0.046 0.046 0.048
 0.048 0.05  0.05  0.052 0.052 0.054 0.054 0.056 0.056 0.058 0.058 0.062
 0.062 0.064 0.064 0.066 0.066 0.068 0.068 0.072 0.072 0.078 0.078 0.08
 0.08  0.082 0.082 0.084 0.084 0.086 0.086 0.088 0.088 0.09  0.09  0.092
 0.092 0.094 0.094 0.096 0.096 0.098 0.098 0.1   0.1   0.104 0.104 0.106
 0.106 0.108 0.108 0.11  0.11  0.112 0.112 0.116 0.116 0.118 0.118 0.12
 0.12  0.122 0.122 0.124 0.124 0.126 0.126 0.128 0.128 0.13  0.13  0.134
 0.134 0.138 0.138 0.138 0.14  0.14  0.142 0.142 0.144 0.144 0.146 0.146
 0.148 0.148 0.15  0.15  0.152 0.152 0.154 0.154 0.158 0.158 0.16  0.16
 0.162 0.162 0.17  0.17  0.172 0.172 0.186 0.186 0.19  0.19  0.208 0.208
 0.214 0.214 0.218 0.218 0.222 0.222 1.   ] | True Positive Rate[0.    0.    0.    0.006 0.006 0.052 0.056 0.07  0.07  0.08  0.08  0.102
 0.102 0.112 0.112 0.134 0.138 0.156 0.16  0.178 0.178 0.194 0.194 0.214
 0.214 0.236 0.236 0.252 0.252 0.286 0.286 0.29  0.29  0.294 0.294 0.298
 0.298 0.302 0.306 0.318 0.318 0.33  0.33  0.332 0.346 0.348 0.376 0.376
 0.398 0.398 0.412 0.412 0.424 0.424 0.426 0.426 0.436 0.436 0.44  0.44
 0.454 0.454 0.458 0.458 0.468 0.468 0.472 0.472 0.494 0.494 0.504 0.504
 0.526 0.526 0.574 0.574 0.594 0.594 0.596 0.596 0.606 0.606 0.626 0.626
 0.638 0.638 0.64  0.64  0.662 0.662 0.676 0.676 0.722 0.722 0.736 0.736
 0.738 0.738 0.744 0.744 0.746 0.746 0.752 0.752 0.77  0.77  0.79  0.79
 0.8   0.8   0.856 0.856 0.882 0.882 0.908 0.908 0.914 0.914 0.918 0.918
 0.922 0.922 0.926 0.928 0.928 0.94  0.94  0.942 0.942 0.946 0.946 0.954
 0.954 0.956 0.956 0.958 0.958 0.962 0.962 0.968 0.968 0.97  0.97  0.974
 0.974 0.978 0.978 0.982 0.982 0.986 0.986 0.988 0.988 0.99  0.99  0.994
 0.994 0.996 0.996 0.998 0.998 1.    1.   ] | AUC Score0.927672 | 
2023-03-16 20:24:36,792 INFO Starting testing
2023-03-16 20:24:41,351 INFO Testing Accuracy: 0.0% | Testing Loss0.6234493831396103 | 
2023-03-16 20:24:41,355 INFO False Positive Rate[0.    0.002 0.006 0.006 0.008 0.008 0.008 0.008 0.01  0.01  0.012 0.012
 0.014 0.014 0.016 0.016 0.016 0.016 0.016 0.016 0.02  0.02  0.022 0.022
 0.024 0.024 0.026 0.026 0.028 0.028 0.03  0.03  0.034 0.034 0.036 0.036
 0.038 0.038 0.038 0.038 0.04  0.04  0.042 0.044 0.044 0.046 0.046 0.048
 0.048 0.05  0.05  0.052 0.052 0.054 0.054 0.056 0.056 0.058 0.058 0.062
 0.062 0.064 0.064 0.066 0.066 0.068 0.068 0.072 0.072 0.078 0.078 0.08
 0.08  0.082 0.082 0.084 0.084 0.086 0.086 0.088 0.088 0.09  0.09  0.092
 0.092 0.094 0.094 0.096 0.096 0.098 0.098 0.1   0.1   0.104 0.104 0.106
 0.106 0.108 0.108 0.11  0.11  0.112 0.112 0.116 0.116 0.118 0.118 0.12
 0.12  0.122 0.122 0.124 0.124 0.126 0.126 0.128 0.128 0.13  0.13  0.134
 0.134 0.138 0.138 0.138 0.14  0.14  0.142 0.142 0.144 0.144 0.146 0.146
 0.148 0.148 0.15  0.15  0.152 0.152 0.154 0.154 0.158 0.158 0.16  0.16
 0.162 0.162 0.17  0.17  0.172 0.172 0.186 0.186 0.19  0.19  0.208 0.208
 0.214 0.214 0.218 0.218 0.222 0.222 1.   ] | True Positive Rate[0.    0.    0.    0.006 0.006 0.052 0.056 0.07  0.07  0.08  0.08  0.102
 0.102 0.112 0.112 0.134 0.138 0.156 0.16  0.178 0.178 0.194 0.194 0.214
 0.214 0.236 0.236 0.252 0.252 0.286 0.286 0.29  0.29  0.294 0.294 0.298
 0.298 0.302 0.306 0.318 0.318 0.33  0.33  0.332 0.346 0.348 0.376 0.376
 0.398 0.398 0.412 0.412 0.424 0.424 0.426 0.426 0.436 0.436 0.44  0.44
 0.454 0.454 0.458 0.458 0.468 0.468 0.472 0.472 0.494 0.494 0.504 0.504
 0.526 0.526 0.574 0.574 0.594 0.594 0.596 0.596 0.606 0.606 0.626 0.626
 0.638 0.638 0.64  0.64  0.662 0.662 0.676 0.676 0.722 0.722 0.736 0.736
 0.738 0.738 0.744 0.744 0.746 0.746 0.752 0.752 0.77  0.77  0.79  0.79
 0.8   0.8   0.856 0.856 0.882 0.882 0.908 0.908 0.914 0.914 0.918 0.918
 0.922 0.922 0.926 0.928 0.928 0.94  0.94  0.942 0.942 0.946 0.946 0.954
 0.954 0.956 0.956 0.958 0.958 0.962 0.962 0.968 0.968 0.97  0.97  0.974
 0.974 0.978 0.978 0.982 0.982 0.986 0.986 0.988 0.988 0.99  0.99  0.994
 0.994 0.996 0.996 0.998 0.998 1.    1.   ] | AUC Score0.927672 | 
2023-03-16 20:25:08,889 INFO Starting testing
2023-03-16 20:25:13,693 INFO Testing Accuracy: 0.0% | Testing Loss0.6234493756890297 | 
2023-03-16 20:25:13,696 INFO False Positive Rate[0.    0.002 0.006 0.006 0.008 0.008 0.008 0.008 0.01  0.01  0.012 0.012
 0.014 0.014 0.016 0.016 0.016 0.016 0.016 0.016 0.02  0.02  0.022 0.022
 0.024 0.024 0.026 0.026 0.028 0.028 0.03  0.03  0.034 0.034 0.036 0.036
 0.038 0.038 0.038 0.038 0.04  0.04  0.042 0.044 0.044 0.046 0.046 0.048
 0.048 0.05  0.05  0.052 0.052 0.054 0.054 0.056 0.056 0.058 0.058 0.062
 0.062 0.064 0.064 0.066 0.066 0.068 0.068 0.072 0.072 0.078 0.078 0.08
 0.08  0.082 0.082 0.084 0.084 0.086 0.086 0.088 0.088 0.09  0.09  0.092
 0.092 0.094 0.094 0.096 0.096 0.098 0.098 0.1   0.1   0.104 0.104 0.106
 0.106 0.108 0.108 0.11  0.11  0.112 0.112 0.116 0.116 0.118 0.118 0.12
 0.12  0.122 0.122 0.124 0.124 0.126 0.126 0.128 0.128 0.13  0.13  0.134
 0.134 0.138 0.138 0.138 0.14  0.14  0.142 0.142 0.144 0.144 0.146 0.146
 0.148 0.148 0.15  0.15  0.152 0.152 0.154 0.154 0.158 0.158 0.16  0.16
 0.162 0.162 0.17  0.17  0.172 0.172 0.186 0.186 0.19  0.19  0.208 0.208
 0.214 0.214 0.218 0.218 0.222 0.222 1.   ] | True Positive Rate[0.    0.    0.    0.006 0.006 0.052 0.056 0.07  0.07  0.08  0.08  0.102
 0.102 0.112 0.112 0.134 0.138 0.156 0.16  0.178 0.178 0.194 0.194 0.214
 0.214 0.236 0.236 0.252 0.252 0.286 0.286 0.29  0.29  0.294 0.294 0.298
 0.298 0.302 0.306 0.318 0.318 0.33  0.33  0.332 0.346 0.348 0.376 0.376
 0.398 0.398 0.412 0.412 0.424 0.424 0.426 0.426 0.436 0.436 0.44  0.44
 0.454 0.454 0.458 0.458 0.468 0.468 0.472 0.472 0.494 0.494 0.504 0.504
 0.526 0.526 0.574 0.574 0.594 0.594 0.596 0.596 0.606 0.606 0.626 0.626
 0.638 0.638 0.64  0.64  0.662 0.662 0.676 0.676 0.722 0.722 0.736 0.736
 0.738 0.738 0.744 0.744 0.746 0.746 0.752 0.752 0.77  0.77  0.79  0.79
 0.8   0.8   0.856 0.856 0.882 0.882 0.908 0.908 0.914 0.914 0.918 0.918
 0.922 0.922 0.926 0.928 0.928 0.94  0.94  0.942 0.942 0.946 0.946 0.954
 0.954 0.956 0.956 0.958 0.958 0.962 0.962 0.968 0.968 0.97  0.97  0.974
 0.974 0.978 0.978 0.982 0.982 0.986 0.986 0.988 0.988 0.99  0.99  0.994
 0.994 0.996 0.996 0.998 0.998 1.    1.   ] | AUC Score0.927672 | 
2023-03-16 20:27:11,742 INFO Starting testing
2023-03-16 20:27:48,698 INFO Starting testing
2023-03-16 20:28:03,237 INFO Starting testing
2023-03-16 20:28:28,892 INFO Starting testing
2023-03-16 20:30:06,758 INFO Starting testing
2023-03-16 20:30:42,817 INFO Starting testing
2023-03-16 20:30:57,904 INFO Starting testing
2023-03-16 20:31:29,394 INFO Starting testing
2023-03-16 20:35:31,851 INFO Starting testing
2023-03-16 20:35:47,119 INFO Starting testing
2023-03-16 20:35:52,883 INFO Testing Accuracy: 6240.0% | Testing Loss0.6234493931531906 | 
2023-03-16 20:35:52,887 INFO False Positive Rate[0.    0.002 0.006 0.006 0.008 0.008 0.008 0.008 0.01  0.01  0.012 0.012
 0.014 0.014 0.016 0.016 0.016 0.016 0.016 0.016 0.02  0.02  0.022 0.022
 0.024 0.024 0.026 0.026 0.028 0.028 0.03  0.03  0.034 0.034 0.036 0.036
 0.038 0.038 0.038 0.038 0.04  0.04  0.042 0.044 0.044 0.046 0.046 0.048
 0.048 0.05  0.05  0.052 0.052 0.054 0.054 0.056 0.056 0.058 0.058 0.062
 0.062 0.064 0.064 0.066 0.066 0.068 0.068 0.072 0.072 0.078 0.078 0.08
 0.08  0.082 0.082 0.084 0.084 0.086 0.086 0.088 0.088 0.09  0.09  0.092
 0.092 0.094 0.094 0.096 0.096 0.098 0.098 0.1   0.1   0.104 0.104 0.106
 0.106 0.108 0.108 0.11  0.11  0.112 0.112 0.116 0.116 0.118 0.118 0.12
 0.12  0.122 0.122 0.124 0.124 0.126 0.126 0.128 0.128 0.13  0.13  0.134
 0.134 0.138 0.138 0.138 0.14  0.14  0.142 0.142 0.144 0.144 0.146 0.146
 0.148 0.148 0.15  0.15  0.152 0.152 0.154 0.154 0.158 0.158 0.16  0.16
 0.162 0.162 0.17  0.17  0.172 0.172 0.186 0.186 0.19  0.19  0.208 0.208
 0.214 0.214 0.218 0.218 0.222 0.222 1.   ] | True Positive Rate[0.    0.    0.    0.006 0.006 0.052 0.056 0.07  0.07  0.08  0.08  0.102
 0.102 0.112 0.112 0.134 0.138 0.156 0.16  0.178 0.178 0.194 0.194 0.214
 0.214 0.236 0.236 0.252 0.252 0.286 0.286 0.29  0.29  0.294 0.294 0.298
 0.298 0.302 0.306 0.318 0.318 0.33  0.33  0.332 0.346 0.348 0.376 0.376
 0.398 0.398 0.412 0.412 0.424 0.424 0.426 0.426 0.436 0.436 0.44  0.44
 0.454 0.454 0.458 0.458 0.468 0.468 0.472 0.472 0.494 0.494 0.504 0.504
 0.526 0.526 0.574 0.574 0.594 0.594 0.596 0.596 0.606 0.606 0.626 0.626
 0.638 0.638 0.64  0.64  0.662 0.662 0.676 0.676 0.722 0.722 0.736 0.736
 0.738 0.738 0.744 0.744 0.746 0.746 0.752 0.752 0.77  0.77  0.79  0.79
 0.8   0.8   0.856 0.856 0.882 0.882 0.908 0.908 0.914 0.914 0.918 0.918
 0.922 0.922 0.926 0.928 0.928 0.94  0.94  0.942 0.942 0.946 0.946 0.954
 0.954 0.956 0.956 0.958 0.958 0.962 0.962 0.968 0.968 0.97  0.97  0.974
 0.974 0.978 0.978 0.982 0.982 0.986 0.986 0.988 0.988 0.99  0.99  0.994
 0.994 0.996 0.996 0.998 0.998 1.    1.   ] | AUC Score0.927672 | 
2023-03-16 20:36:22,108 INFO Starting testing
2023-03-16 20:36:27,528 INFO Testing Accuracy: 6240.0% | Testing Loss0.62344939661026 | 
2023-03-16 20:36:27,532 INFO False Positive Rate[0.    0.002 0.006 0.006 0.008 0.008 0.008 0.008 0.01  0.01  0.012 0.012
 0.014 0.014 0.016 0.016 0.016 0.016 0.016 0.016 0.02  0.02  0.022 0.022
 0.024 0.024 0.026 0.026 0.028 0.028 0.03  0.03  0.034 0.034 0.036 0.036
 0.038 0.038 0.038 0.038 0.04  0.04  0.042 0.044 0.044 0.046 0.046 0.048
 0.048 0.05  0.05  0.052 0.052 0.054 0.054 0.056 0.056 0.058 0.058 0.062
 0.062 0.064 0.064 0.066 0.066 0.068 0.068 0.072 0.072 0.078 0.078 0.08
 0.08  0.082 0.082 0.084 0.084 0.086 0.086 0.088 0.088 0.09  0.09  0.092
 0.092 0.094 0.094 0.096 0.096 0.098 0.098 0.1   0.1   0.104 0.104 0.106
 0.106 0.108 0.108 0.11  0.11  0.112 0.112 0.116 0.116 0.118 0.118 0.12
 0.12  0.122 0.122 0.124 0.124 0.126 0.126 0.128 0.128 0.13  0.13  0.134
 0.134 0.138 0.138 0.138 0.14  0.14  0.142 0.142 0.144 0.144 0.146 0.146
 0.148 0.148 0.15  0.15  0.152 0.152 0.154 0.154 0.158 0.158 0.16  0.16
 0.162 0.162 0.17  0.17  0.172 0.172 0.186 0.186 0.19  0.19  0.208 0.208
 0.214 0.214 0.218 0.218 0.222 0.222 1.   ] | True Positive Rate[0.    0.    0.    0.006 0.006 0.052 0.056 0.07  0.07  0.08  0.08  0.102
 0.102 0.112 0.112 0.134 0.138 0.156 0.16  0.178 0.178 0.194 0.194 0.214
 0.214 0.236 0.236 0.252 0.252 0.286 0.286 0.29  0.29  0.294 0.294 0.298
 0.298 0.302 0.306 0.318 0.318 0.33  0.33  0.332 0.346 0.348 0.376 0.376
 0.398 0.398 0.412 0.412 0.424 0.424 0.426 0.426 0.436 0.436 0.44  0.44
 0.454 0.454 0.458 0.458 0.468 0.468 0.472 0.472 0.494 0.494 0.504 0.504
 0.526 0.526 0.574 0.574 0.594 0.594 0.596 0.596 0.606 0.606 0.626 0.626
 0.638 0.638 0.64  0.64  0.662 0.662 0.676 0.676 0.722 0.722 0.736 0.736
 0.738 0.738 0.744 0.744 0.746 0.746 0.752 0.752 0.77  0.77  0.79  0.79
 0.8   0.8   0.856 0.856 0.882 0.882 0.908 0.908 0.914 0.914 0.918 0.918
 0.922 0.922 0.926 0.928 0.928 0.94  0.94  0.942 0.942 0.946 0.946 0.954
 0.954 0.956 0.956 0.958 0.958 0.962 0.962 0.968 0.968 0.97  0.97  0.974
 0.974 0.978 0.978 0.982 0.982 0.986 0.986 0.988 0.988 0.99  0.99  0.994
 0.994 0.996 0.996 0.998 0.998 1.    1.   ] | AUC Score0.927672 | 
2023-03-16 20:36:42,784 INFO Starting testing
2023-03-16 20:36:48,514 INFO Testing Accuracy: 6240.0% | Testing Loss0.623449386075139 | 
2023-03-16 20:36:48,519 INFO False Positive Rate[0.    0.002 0.006 0.006 0.008 0.008 0.008 0.008 0.01  0.01  0.012 0.012
 0.014 0.014 0.016 0.016 0.016 0.016 0.016 0.016 0.02  0.02  0.022 0.022
 0.024 0.024 0.026 0.026 0.028 0.028 0.03  0.03  0.034 0.034 0.036 0.036
 0.038 0.038 0.038 0.038 0.04  0.04  0.042 0.044 0.044 0.046 0.046 0.048
 0.048 0.05  0.05  0.052 0.052 0.054 0.054 0.056 0.056 0.058 0.058 0.062
 0.062 0.064 0.064 0.066 0.066 0.068 0.068 0.072 0.072 0.078 0.078 0.08
 0.08  0.082 0.082 0.084 0.084 0.086 0.086 0.088 0.088 0.09  0.09  0.092
 0.092 0.094 0.094 0.096 0.096 0.098 0.098 0.1   0.1   0.104 0.104 0.106
 0.106 0.108 0.108 0.11  0.11  0.112 0.112 0.116 0.116 0.118 0.118 0.12
 0.12  0.122 0.122 0.124 0.124 0.126 0.126 0.128 0.128 0.13  0.13  0.134
 0.134 0.138 0.138 0.138 0.14  0.14  0.142 0.142 0.144 0.144 0.146 0.146
 0.148 0.148 0.15  0.15  0.152 0.152 0.154 0.154 0.158 0.158 0.16  0.16
 0.162 0.162 0.17  0.17  0.172 0.172 0.186 0.186 0.19  0.19  0.208 0.208
 0.214 0.214 0.218 0.218 0.222 0.222 1.   ] | True Positive Rate[0.    0.    0.    0.006 0.006 0.052 0.056 0.07  0.07  0.08  0.08  0.102
 0.102 0.112 0.112 0.134 0.138 0.156 0.16  0.178 0.178 0.194 0.194 0.214
 0.214 0.236 0.236 0.252 0.252 0.286 0.286 0.29  0.29  0.294 0.294 0.298
 0.298 0.302 0.306 0.318 0.318 0.33  0.33  0.332 0.346 0.348 0.376 0.376
 0.398 0.398 0.412 0.412 0.424 0.424 0.426 0.426 0.436 0.436 0.44  0.44
 0.454 0.454 0.458 0.458 0.468 0.468 0.472 0.472 0.494 0.494 0.504 0.504
 0.526 0.526 0.574 0.574 0.594 0.594 0.596 0.596 0.606 0.606 0.626 0.626
 0.638 0.638 0.64  0.64  0.662 0.662 0.676 0.676 0.722 0.722 0.736 0.736
 0.738 0.738 0.744 0.744 0.746 0.746 0.752 0.752 0.77  0.77  0.79  0.79
 0.8   0.8   0.856 0.856 0.882 0.882 0.908 0.908 0.914 0.914 0.918 0.918
 0.922 0.922 0.926 0.928 0.928 0.94  0.94  0.942 0.942 0.946 0.946 0.954
 0.954 0.956 0.956 0.958 0.958 0.962 0.962 0.968 0.968 0.97  0.97  0.974
 0.974 0.978 0.978 0.982 0.982 0.986 0.986 0.988 0.988 0.99  0.99  0.994
 0.994 0.996 0.996 0.998 0.998 1.    1.   ] | AUC Score0.927672 | 
2023-03-16 20:37:07,998 INFO Starting testing
2023-03-16 20:37:12,746 INFO Testing Accuracy: 6240.0% | Testing Loss0.6234493799805642 | 
2023-03-16 20:37:12,750 INFO False Positive Rate[0.    0.002 0.006 0.006 0.008 0.008 0.008 0.008 0.01  0.01  0.012 0.012
 0.014 0.014 0.016 0.016 0.016 0.016 0.016 0.016 0.02  0.02  0.022 0.022
 0.024 0.024 0.026 0.026 0.028 0.028 0.03  0.03  0.034 0.034 0.036 0.036
 0.038 0.038 0.038 0.038 0.04  0.04  0.042 0.044 0.044 0.046 0.046 0.048
 0.048 0.05  0.05  0.052 0.052 0.054 0.054 0.056 0.056 0.058 0.058 0.062
 0.062 0.064 0.064 0.066 0.066 0.068 0.068 0.072 0.072 0.078 0.078 0.08
 0.08  0.082 0.082 0.084 0.084 0.086 0.086 0.088 0.088 0.09  0.09  0.092
 0.092 0.094 0.094 0.096 0.096 0.098 0.098 0.1   0.1   0.104 0.104 0.106
 0.106 0.108 0.108 0.11  0.11  0.112 0.112 0.116 0.116 0.118 0.118 0.12
 0.12  0.122 0.122 0.124 0.124 0.126 0.126 0.128 0.128 0.13  0.13  0.134
 0.134 0.138 0.138 0.138 0.14  0.14  0.142 0.142 0.144 0.144 0.146 0.146
 0.148 0.148 0.15  0.15  0.152 0.152 0.154 0.154 0.158 0.158 0.16  0.16
 0.162 0.162 0.17  0.17  0.172 0.172 0.186 0.186 0.19  0.19  0.208 0.208
 0.214 0.214 0.218 0.218 0.222 0.222 1.   ] | True Positive Rate[0.    0.    0.    0.006 0.006 0.052 0.056 0.07  0.07  0.08  0.08  0.102
 0.102 0.112 0.112 0.134 0.138 0.156 0.16  0.178 0.178 0.194 0.194 0.214
 0.214 0.236 0.236 0.252 0.252 0.286 0.286 0.29  0.29  0.294 0.294 0.298
 0.298 0.302 0.306 0.318 0.318 0.33  0.33  0.332 0.346 0.348 0.376 0.376
 0.398 0.398 0.412 0.412 0.424 0.424 0.426 0.426 0.436 0.436 0.44  0.44
 0.454 0.454 0.458 0.458 0.468 0.468 0.472 0.472 0.494 0.494 0.504 0.504
 0.526 0.526 0.574 0.574 0.594 0.594 0.596 0.596 0.606 0.606 0.626 0.626
 0.638 0.638 0.64  0.64  0.662 0.662 0.676 0.676 0.722 0.722 0.736 0.736
 0.738 0.738 0.744 0.744 0.746 0.746 0.752 0.752 0.77  0.77  0.79  0.79
 0.8   0.8   0.856 0.856 0.882 0.882 0.908 0.908 0.914 0.914 0.918 0.918
 0.922 0.922 0.926 0.928 0.928 0.94  0.94  0.942 0.942 0.946 0.946 0.954
 0.954 0.956 0.956 0.958 0.958 0.962 0.962 0.968 0.968 0.97  0.97  0.974
 0.974 0.978 0.978 0.982 0.982 0.986 0.986 0.988 0.988 0.99  0.99  0.994
 0.994 0.996 0.996 0.998 0.998 1.    1.   ] | AUC Score0.927672 | 
2023-04-27 17:45:08,203 INFO Starting Training
2023-04-27 17:54:56,663 INFO Starting Training
2023-04-27 18:01:17,366 INFO Starting Training
2023-04-27 18:07:45,604 INFO Starting Training
2023-04-27 18:40:28,107 ERROR No such comm target registered: jupyter.widget.control
2023-04-27 18:40:28,111 WARNING No such comm: 3f633aee-f95c-4758-b739-5d7ad22b5bc1
2023-04-27 21:43:19,081 ERROR No such comm target registered: jupyter.widget.control
2023-04-27 21:43:19,090 WARNING No such comm: 81d82070-fc52-40ea-9a7f-506daad7246a
2023-04-27 22:39:40,919 ERROR No such comm target registered: jupyter.widget.control
2023-04-27 22:39:40,923 WARNING No such comm: e7e95c22-6311-4784-a350-e8c058a40f76
2023-04-28 11:50:42,146 ERROR No such comm target registered: jupyter.widget.control
2023-04-28 11:50:42,158 WARNING No such comm: af894a5f-23d9-41a2-ada2-285bf5cbe889
2023-04-28 12:22:27,983 ERROR No such comm target registered: jupyter.widget.control
2023-04-28 12:22:27,988 WARNING No such comm: b02490b2-acae-48e8-9528-f98538111d10
2023-04-28 12:47:54,351 ERROR No such comm target registered: jupyter.widget.control
2023-04-28 12:47:54,354 WARNING No such comm: b2eec0c0-8319-47ab-844e-1a170d206ac0
